2019-12-30 10:31:54,730 [main] INFO  [o.s.c.s.PostProcessorRegistrationDelegate$BeanPostProcessorChecker] PostProcessorRegistrationDelegate.java:330 - Bean 'org.springframework.cloud.autoconfigure.ConfigurationPropertiesRebinderAutoConfiguration' of type [org.springframework.cloud.autoconfigure.ConfigurationPropertiesRebinderAutoConfiguration$$EnhancerBySpringCGLIB$$b3dd01c8] is not eligible for getting processed by all BeanPostProcessors (for example: not eligible for auto-proxying)
2019-12-30 10:31:55,246 [main] INFO  [o.s.cloud.netflix.eureka.InstanceInfoFactory] InstanceInfoFactory.java:72 - Setting initial instance status as: STARTING
2019-12-30 10:31:55,423 [main] INFO  [com.netflix.discovery.DiscoveryClient] DiscoveryClient.java:365 - Initializing Eureka in region us-east-1
2019-12-30 10:31:55,968 [main] INFO  [c.n.discovery.provider.DiscoveryJerseyProvider] DiscoveryJerseyProvider.java:70 - Using JSON encoding codec LegacyJacksonJson
2019-12-30 10:31:55,969 [main] INFO  [c.n.discovery.provider.DiscoveryJerseyProvider] DiscoveryJerseyProvider.java:71 - Using JSON decoding codec LegacyJacksonJson
2019-12-30 10:31:56,232 [main] INFO  [c.n.discovery.provider.DiscoveryJerseyProvider] DiscoveryJerseyProvider.java:80 - Using XML encoding codec XStreamXml
2019-12-30 10:31:56,233 [main] INFO  [c.n.discovery.provider.DiscoveryJerseyProvider] DiscoveryJerseyProvider.java:81 - Using XML decoding codec XStreamXml
2019-12-30 10:31:56,585 [main] INFO  [c.n.d.shared.resolver.aws.ConfigClusterResolver] ConfigClusterResolver.java:43 - Resolving eureka endpoints via configuration
2019-12-30 10:31:57,435 [main] INFO  [com.netflix.discovery.DiscoveryClient] DiscoveryClient.java:976 - Disable delta property : false
2019-12-30 10:31:57,435 [main] INFO  [com.netflix.discovery.DiscoveryClient] DiscoveryClient.java:977 - Single vip registry refresh property : null
2019-12-30 10:31:57,436 [main] INFO  [com.netflix.discovery.DiscoveryClient] DiscoveryClient.java:978 - Force full registry fetch : false
2019-12-30 10:31:57,436 [main] INFO  [com.netflix.discovery.DiscoveryClient] DiscoveryClient.java:979 - Application is null : false
2019-12-30 10:31:57,437 [main] INFO  [com.netflix.discovery.DiscoveryClient] DiscoveryClient.java:980 - Registered Applications size is zero : true
2019-12-30 10:31:57,437 [main] INFO  [com.netflix.discovery.DiscoveryClient] DiscoveryClient.java:982 - Application version is -1: true
2019-12-30 10:31:57,437 [main] INFO  [com.netflix.discovery.DiscoveryClient] DiscoveryClient.java:1065 - Getting all instance registry info from the eureka server
2019-12-30 10:31:57,833 [main] INFO  [com.netflix.discovery.DiscoveryClient] DiscoveryClient.java:1074 - The response status is 200
2019-12-30 10:31:57,840 [main] INFO  [com.netflix.discovery.DiscoveryClient] DiscoveryClient.java:1335 - Not registering with Eureka server per configuration
2019-12-30 10:31:57,863 [main] INFO  [com.netflix.discovery.DiscoveryClient] DiscoveryClient.java:465 - Discovery Client initialized at timestamp 1577673117861 with initial instances count: 4
2019-12-30 10:31:58,306 [main] INFO  [o.s.c.c.client.ConfigServicePropertySourceLocator] ConfigServicePropertySourceLocator.java:188 - Multiple Config Server Urls found listed.
2019-12-30 10:31:58,310 [main] INFO  [o.s.c.c.client.ConfigServicePropertySourceLocator] ConfigServicePropertySourceLocator.java:207 - Fetching config from server at : http://10.12.14.163:9760/
2019-12-30 10:31:58,755 [main] INFO  [o.s.c.c.client.ConfigServicePropertySourceLocator] ConfigServicePropertySourceLocator.java:151 - Located environment: name=pc-user2, profiles=[native], label=null, version=null, state=null
2019-12-30 10:31:58,755 [main] INFO  [o.s.c.b.c.PropertySourceBootstrapConfiguration] PropertySourceBootstrapConfiguration.java:101 - Located property source: CompositePropertySource {name='configService', propertySources=[]}
2019-12-30 10:31:58,763 [main] INFO  [com.zhupeng.PcUserApplication] SpringApplication.java:648 - No active profile set, falling back to default profiles: default
2019-12-30 10:31:59,638 [main] INFO  [o.springframework.cloud.context.scope.GenericScope] GenericScope.java:295 - BeanFactory id=b9335217-8ad6-3f38-8f35-c154b03def90
2019-12-30 10:31:59,725 [main] INFO  [o.s.c.s.PostProcessorRegistrationDelegate$BeanPostProcessorChecker] PostProcessorRegistrationDelegate.java:330 - Bean 'org.springframework.cloud.autoconfigure.ConfigurationPropertiesRebinderAutoConfiguration' of type [org.springframework.cloud.autoconfigure.ConfigurationPropertiesRebinderAutoConfiguration$$EnhancerBySpringCGLIB$$b3dd01c8] is not eligible for getting processed by all BeanPostProcessors (for example: not eligible for auto-proxying)
2019-12-30 10:31:59,799 [main] WARN  [com.netflix.config.sources.URLConfigurationSource] URLConfigurationSource.java:121 - No URLs will be polled as dynamic configuration sources.
2019-12-30 10:31:59,799 [main] INFO  [com.netflix.config.sources.URLConfigurationSource] URLConfigurationSource.java:122 - To enable URLs as dynamic configuration sources, define System property archaius.configurationSource.additionalUrls or make config.properties available on classpath.
2019-12-30 10:31:59,807 [main] WARN  [com.netflix.config.sources.URLConfigurationSource] URLConfigurationSource.java:121 - No URLs will be polled as dynamic configuration sources.
2019-12-30 10:31:59,808 [main] INFO  [com.netflix.config.sources.URLConfigurationSource] URLConfigurationSource.java:122 - To enable URLs as dynamic configuration sources, define System property archaius.configurationSource.additionalUrls or make config.properties available on classpath.
2019-12-30 10:32:00,854 [main] INFO  [com.netflix.discovery.DiscoveryClient] DiscoveryClient.java:906 - Shutting down DiscoveryClient ...
2019-12-30 10:32:00,872 [main] INFO  [com.netflix.discovery.DiscoveryClient] DiscoveryClient.java:929 - Completed shut down of DiscoveryClient
2019-12-30 10:32:01,060 [main] INFO  [o.s.cloud.netflix.eureka.InstanceInfoFactory] InstanceInfoFactory.java:72 - Setting initial instance status as: STARTING
2019-12-30 10:32:01,066 [main] INFO  [com.netflix.discovery.DiscoveryClient] DiscoveryClient.java:365 - Initializing Eureka in region us-east-1
2019-12-30 10:32:01,078 [main] INFO  [c.n.discovery.provider.DiscoveryJerseyProvider] DiscoveryJerseyProvider.java:70 - Using JSON encoding codec LegacyJacksonJson
2019-12-30 10:32:01,078 [main] INFO  [c.n.discovery.provider.DiscoveryJerseyProvider] DiscoveryJerseyProvider.java:71 - Using JSON decoding codec LegacyJacksonJson
2019-12-30 10:32:01,079 [main] INFO  [c.n.discovery.provider.DiscoveryJerseyProvider] DiscoveryJerseyProvider.java:80 - Using XML encoding codec XStreamXml
2019-12-30 10:32:01,079 [main] INFO  [c.n.discovery.provider.DiscoveryJerseyProvider] DiscoveryJerseyProvider.java:81 - Using XML decoding codec XStreamXml
2019-12-30 10:32:01,210 [main] INFO  [c.n.d.shared.resolver.aws.ConfigClusterResolver] ConfigClusterResolver.java:43 - Resolving eureka endpoints via configuration
2019-12-30 10:32:01,212 [main] INFO  [com.netflix.discovery.DiscoveryClient] DiscoveryClient.java:976 - Disable delta property : false
2019-12-30 10:32:01,213 [main] INFO  [com.netflix.discovery.DiscoveryClient] DiscoveryClient.java:977 - Single vip registry refresh property : null
2019-12-30 10:32:01,213 [main] INFO  [com.netflix.discovery.DiscoveryClient] DiscoveryClient.java:978 - Force full registry fetch : false
2019-12-30 10:32:01,213 [main] INFO  [com.netflix.discovery.DiscoveryClient] DiscoveryClient.java:979 - Application is null : false
2019-12-30 10:32:01,214 [main] INFO  [com.netflix.discovery.DiscoveryClient] DiscoveryClient.java:980 - Registered Applications size is zero : true
2019-12-30 10:32:01,214 [main] INFO  [com.netflix.discovery.DiscoveryClient] DiscoveryClient.java:982 - Application version is -1: true
2019-12-30 10:32:01,214 [main] INFO  [com.netflix.discovery.DiscoveryClient] DiscoveryClient.java:1065 - Getting all instance registry info from the eureka server
2019-12-30 10:32:01,330 [main] INFO  [com.netflix.discovery.DiscoveryClient] DiscoveryClient.java:1074 - The response status is 200
2019-12-30 10:32:01,338 [main] INFO  [com.netflix.discovery.DiscoveryClient] DiscoveryClient.java:1288 - Starting heartbeat executor: renew interval is: 5
2019-12-30 10:32:01,345 [main] INFO  [com.netflix.discovery.InstanceInfoReplicator] InstanceInfoReplicator.java:60 - InstanceInfoReplicator onDemand update allowed rate per min is 4
2019-12-30 10:32:01,348 [main] INFO  [com.netflix.discovery.DiscoveryClient] DiscoveryClient.java:465 - Discovery Client initialized at timestamp 1577673121348 with initial instances count: 4
2019-12-30 10:32:01,351 [main] INFO  [o.s.c.n.e.serviceregistry.EurekaServiceRegistry] EurekaServiceRegistry.java:41 - Registering application PC-USER2 with eureka with status UP
2019-12-30 10:32:01,352 [main] INFO  [com.netflix.discovery.DiscoveryClient] DiscoveryClient.java:1323 - Saw local status change event StatusChangeEvent [timestamp=1577673121352, current=UP, previous=STARTING]
2019-12-30 10:32:01,374 [main] INFO  [com.zhupeng.PcUserApplication] StartupInfoLogger.java:59 - Started PcUserApplication in 10.665 seconds (JVM running for 11.683)
2019-12-30 10:32:01,379 [main] INFO  [com.zhupeng.PcUserApplication] PcUserApplication.java:16 - PC端--用户模块启动完成！
2019-12-30 10:32:01,438 [DiscoveryClient-InstanceInfoReplicator-0] INFO  [com.netflix.discovery.DiscoveryClient] DiscoveryClient.java:844 - DiscoveryClient_PC-USER2/AUTOBVT-SMVSLG2:pc-user2:9765: registering service...
2019-12-30 10:32:01,483 [Thread-5] INFO  [o.s.c.n.e.serviceregistry.EurekaServiceRegistry] EurekaServiceRegistry.java:65 - Unregistering application PC-USER2 with eureka with status DOWN
2019-12-30 10:32:01,497 [Thread-5] WARN  [com.netflix.discovery.DiscoveryClient] DiscoveryClient.java:1321 - Saw local status change event StatusChangeEvent [timestamp=1577673121497, current=DOWN, previous=UP]
2019-12-30 10:32:01,506 [Thread-5] INFO  [com.netflix.discovery.DiscoveryClient] DiscoveryClient.java:906 - Shutting down DiscoveryClient ...
2019-12-30 10:32:01,511 [DiscoveryClient-InstanceInfoReplicator-0] INFO  [com.netflix.discovery.DiscoveryClient] DiscoveryClient.java:853 - DiscoveryClient_PC-USER2/AUTOBVT-SMVSLG2:pc-user2:9765 - registration status: 204
2019-12-30 10:32:01,512 [DiscoveryClient-InstanceInfoReplicator-0] INFO  [com.netflix.discovery.DiscoveryClient] DiscoveryClient.java:844 - DiscoveryClient_PC-USER2/AUTOBVT-SMVSLG2:pc-user2:9765: registering service...
2019-12-30 10:32:01,519 [DiscoveryClient-InstanceInfoReplicator-0] INFO  [com.netflix.discovery.DiscoveryClient] DiscoveryClient.java:853 - DiscoveryClient_PC-USER2/AUTOBVT-SMVSLG2:pc-user2:9765 - registration status: 204
2019-12-30 10:32:01,521 [Thread-5] INFO  [com.netflix.discovery.DiscoveryClient] DiscoveryClient.java:940 - Unregistering ...
2019-12-30 10:32:01,529 [Thread-5] INFO  [com.netflix.discovery.DiscoveryClient] DiscoveryClient.java:942 - DiscoveryClient_PC-USER2/AUTOBVT-SMVSLG2:pc-user2:9765 - deregister  status: 200
2019-12-30 10:32:01,541 [Thread-5] INFO  [com.netflix.discovery.DiscoveryClient] DiscoveryClient.java:929 - Completed shut down of DiscoveryClient
2019-12-30 10:34:36,205 [main] INFO  [o.s.c.s.PostProcessorRegistrationDelegate$BeanPostProcessorChecker] PostProcessorRegistrationDelegate.java:330 - Bean 'org.springframework.cloud.autoconfigure.ConfigurationPropertiesRebinderAutoConfiguration' of type [org.springframework.cloud.autoconfigure.ConfigurationPropertiesRebinderAutoConfiguration$$EnhancerBySpringCGLIB$$3f4acf7c] is not eligible for getting processed by all BeanPostProcessors (for example: not eligible for auto-proxying)
2019-12-30 10:34:37,095 [main] INFO  [o.s.c.c.client.ConfigServicePropertySourceLocator] ConfigServicePropertySourceLocator.java:188 - Multiple Config Server Urls found listed.
2019-12-30 10:34:37,097 [main] INFO  [o.s.c.c.client.ConfigServicePropertySourceLocator] ConfigServicePropertySourceLocator.java:207 - Fetching config from server at : http://127.0.0.1:9762
2019-12-30 10:34:37,611 [main] INFO  [o.s.c.c.client.ConfigServicePropertySourceLocator] ConfigServicePropertySourceLocator.java:151 - Located environment: name=pc-user2, profiles=[native], label=null, version=null, state=null
2019-12-30 10:34:37,612 [main] INFO  [o.s.c.b.c.PropertySourceBootstrapConfiguration] PropertySourceBootstrapConfiguration.java:101 - Located property source: CompositePropertySource {name='configService', propertySources=[]}
2019-12-30 10:34:37,630 [main] INFO  [com.zhupeng.PcUserApplication] SpringApplication.java:648 - No active profile set, falling back to default profiles: default
2019-12-30 10:34:38,519 [main] INFO  [o.springframework.cloud.context.scope.GenericScope] GenericScope.java:295 - BeanFactory id=27c0d29a-1702-33bb-a4b0-d2477a80009a
2019-12-30 10:34:38,643 [main] INFO  [o.s.c.s.PostProcessorRegistrationDelegate$BeanPostProcessorChecker] PostProcessorRegistrationDelegate.java:330 - Bean 'org.springframework.cloud.autoconfigure.ConfigurationPropertiesRebinderAutoConfiguration' of type [org.springframework.cloud.autoconfigure.ConfigurationPropertiesRebinderAutoConfiguration$$EnhancerBySpringCGLIB$$3f4acf7c] is not eligible for getting processed by all BeanPostProcessors (for example: not eligible for auto-proxying)
2019-12-30 10:34:38,750 [main] WARN  [com.netflix.config.sources.URLConfigurationSource] URLConfigurationSource.java:121 - No URLs will be polled as dynamic configuration sources.
2019-12-30 10:34:38,751 [main] INFO  [com.netflix.config.sources.URLConfigurationSource] URLConfigurationSource.java:122 - To enable URLs as dynamic configuration sources, define System property archaius.configurationSource.additionalUrls or make config.properties available on classpath.
2019-12-30 10:34:38,759 [main] WARN  [com.netflix.config.sources.URLConfigurationSource] URLConfigurationSource.java:121 - No URLs will be polled as dynamic configuration sources.
2019-12-30 10:34:38,760 [main] INFO  [com.netflix.config.sources.URLConfigurationSource] URLConfigurationSource.java:122 - To enable URLs as dynamic configuration sources, define System property archaius.configurationSource.additionalUrls or make config.properties available on classpath.
2019-12-30 10:34:40,381 [main] INFO  [o.s.cloud.netflix.eureka.InstanceInfoFactory] InstanceInfoFactory.java:72 - Setting initial instance status as: STARTING
2019-12-30 10:34:40,447 [main] INFO  [com.netflix.discovery.DiscoveryClient] DiscoveryClient.java:365 - Initializing Eureka in region us-east-1
2019-12-30 10:34:41,042 [main] INFO  [c.n.discovery.provider.DiscoveryJerseyProvider] DiscoveryJerseyProvider.java:70 - Using JSON encoding codec LegacyJacksonJson
2019-12-30 10:34:41,043 [main] INFO  [c.n.discovery.provider.DiscoveryJerseyProvider] DiscoveryJerseyProvider.java:71 - Using JSON decoding codec LegacyJacksonJson
2019-12-30 10:34:41,373 [main] INFO  [c.n.discovery.provider.DiscoveryJerseyProvider] DiscoveryJerseyProvider.java:80 - Using XML encoding codec XStreamXml
2019-12-30 10:34:41,374 [main] INFO  [c.n.discovery.provider.DiscoveryJerseyProvider] DiscoveryJerseyProvider.java:81 - Using XML decoding codec XStreamXml
2019-12-30 10:34:41,794 [main] INFO  [c.n.d.shared.resolver.aws.ConfigClusterResolver] ConfigClusterResolver.java:43 - Resolving eureka endpoints via configuration
2019-12-30 10:34:42,073 [main] INFO  [com.netflix.discovery.DiscoveryClient] DiscoveryClient.java:976 - Disable delta property : false
2019-12-30 10:34:42,074 [main] INFO  [com.netflix.discovery.DiscoveryClient] DiscoveryClient.java:977 - Single vip registry refresh property : null
2019-12-30 10:34:42,074 [main] INFO  [com.netflix.discovery.DiscoveryClient] DiscoveryClient.java:978 - Force full registry fetch : false
2019-12-30 10:34:42,074 [main] INFO  [com.netflix.discovery.DiscoveryClient] DiscoveryClient.java:979 - Application is null : false
2019-12-30 10:34:42,075 [main] INFO  [com.netflix.discovery.DiscoveryClient] DiscoveryClient.java:980 - Registered Applications size is zero : true
2019-12-30 10:34:42,075 [main] INFO  [com.netflix.discovery.DiscoveryClient] DiscoveryClient.java:982 - Application version is -1: true
2019-12-30 10:34:42,075 [main] INFO  [com.netflix.discovery.DiscoveryClient] DiscoveryClient.java:1065 - Getting all instance registry info from the eureka server
2019-12-30 10:34:42,377 [main] INFO  [com.netflix.discovery.DiscoveryClient] DiscoveryClient.java:1074 - The response status is 200
2019-12-30 10:34:42,382 [main] INFO  [com.netflix.discovery.DiscoveryClient] DiscoveryClient.java:1288 - Starting heartbeat executor: renew interval is: 5
2019-12-30 10:34:42,386 [main] INFO  [com.netflix.discovery.InstanceInfoReplicator] InstanceInfoReplicator.java:60 - InstanceInfoReplicator onDemand update allowed rate per min is 4
2019-12-30 10:34:42,395 [main] INFO  [com.netflix.discovery.DiscoveryClient] DiscoveryClient.java:465 - Discovery Client initialized at timestamp 1577673282391 with initial instances count: 4
2019-12-30 10:34:42,397 [main] INFO  [o.s.c.n.e.serviceregistry.EurekaServiceRegistry] EurekaServiceRegistry.java:41 - Registering application PC-USER2 with eureka with status UP
2019-12-30 10:34:42,398 [main] INFO  [com.netflix.discovery.DiscoveryClient] DiscoveryClient.java:1323 - Saw local status change event StatusChangeEvent [timestamp=1577673282398, current=UP, previous=STARTING]
2019-12-30 10:34:42,416 [main] INFO  [com.zhupeng.PcUserApplication] StartupInfoLogger.java:59 - Started PcUserApplication in 9.054 seconds (JVM running for 11.212)
2019-12-30 10:34:42,431 [main] INFO  [com.zhupeng.PcUserApplication] PcUserApplication.java:16 - PC端--用户模块启动完成！
2019-12-30 10:34:42,444 [Thread-5] INFO  [o.s.c.n.e.serviceregistry.EurekaServiceRegistry] EurekaServiceRegistry.java:65 - Unregistering application PC-USER2 with eureka with status DOWN
2019-12-30 10:34:42,442 [DiscoveryClient-InstanceInfoReplicator-0] INFO  [com.netflix.discovery.DiscoveryClient] DiscoveryClient.java:844 - DiscoveryClient_PC-USER2/AUTOBVT-SMVSLG2:pc-user2:9765: registering service...
2019-12-30 10:34:42,445 [Thread-5] WARN  [com.netflix.discovery.DiscoveryClient] DiscoveryClient.java:1321 - Saw local status change event StatusChangeEvent [timestamp=1577673282445, current=DOWN, previous=UP]
2019-12-30 10:34:42,461 [Thread-5] INFO  [com.netflix.discovery.DiscoveryClient] DiscoveryClient.java:906 - Shutting down DiscoveryClient ...
2019-12-30 10:34:42,511 [DiscoveryClient-InstanceInfoReplicator-0] INFO  [com.netflix.discovery.DiscoveryClient] DiscoveryClient.java:853 - DiscoveryClient_PC-USER2/AUTOBVT-SMVSLG2:pc-user2:9765 - registration status: 204
2019-12-30 10:34:42,512 [DiscoveryClient-InstanceInfoReplicator-0] INFO  [com.netflix.discovery.DiscoveryClient] DiscoveryClient.java:844 - DiscoveryClient_PC-USER2/AUTOBVT-SMVSLG2:pc-user2:9765: registering service...
2019-12-30 10:34:42,517 [DiscoveryClient-InstanceInfoReplicator-0] INFO  [com.netflix.discovery.DiscoveryClient] DiscoveryClient.java:853 - DiscoveryClient_PC-USER2/AUTOBVT-SMVSLG2:pc-user2:9765 - registration status: 204
2019-12-30 10:34:42,518 [Thread-5] INFO  [com.netflix.discovery.DiscoveryClient] DiscoveryClient.java:940 - Unregistering ...
2019-12-30 10:34:42,525 [Thread-5] INFO  [com.netflix.discovery.DiscoveryClient] DiscoveryClient.java:942 - DiscoveryClient_PC-USER2/AUTOBVT-SMVSLG2:pc-user2:9765 - deregister  status: 200
2019-12-30 10:34:42,534 [Thread-5] INFO  [com.netflix.discovery.DiscoveryClient] DiscoveryClient.java:929 - Completed shut down of DiscoveryClient
2019-12-30 10:36:49,225 [main] INFO  [o.s.c.s.PostProcessorRegistrationDelegate$BeanPostProcessorChecker] PostProcessorRegistrationDelegate.java:330 - Bean 'org.springframework.cloud.autoconfigure.ConfigurationPropertiesRebinderAutoConfiguration' of type [org.springframework.cloud.autoconfigure.ConfigurationPropertiesRebinderAutoConfiguration$$EnhancerBySpringCGLIB$$134f12aa] is not eligible for getting processed by all BeanPostProcessors (for example: not eligible for auto-proxying)
2019-12-30 10:36:49,849 [main] INFO  [o.s.c.c.client.ConfigServicePropertySourceLocator] ConfigServicePropertySourceLocator.java:188 - Multiple Config Server Urls found listed.
2019-12-30 10:36:49,850 [main] INFO  [o.s.c.c.client.ConfigServicePropertySourceLocator] ConfigServicePropertySourceLocator.java:207 - Fetching config from server at : http://127.0.0.1:9762
2019-12-30 10:36:50,781 [main] INFO  [o.s.c.c.client.ConfigServicePropertySourceLocator] ConfigServicePropertySourceLocator.java:151 - Located environment: name=pc-user2, profiles=[native], label=null, version=null, state=null
2019-12-30 10:36:50,781 [main] INFO  [o.s.c.b.c.PropertySourceBootstrapConfiguration] PropertySourceBootstrapConfiguration.java:101 - Located property source: CompositePropertySource {name='configService', propertySources=[]}
2019-12-30 10:36:50,789 [main] INFO  [com.zhupeng.PcUserApplication] SpringApplication.java:652 - The following profiles are active: native
2019-12-30 10:36:51,738 [main] INFO  [o.springframework.cloud.context.scope.GenericScope] GenericScope.java:295 - BeanFactory id=27c0d29a-1702-33bb-a4b0-d2477a80009a
2019-12-30 10:36:51,862 [main] INFO  [o.s.c.s.PostProcessorRegistrationDelegate$BeanPostProcessorChecker] PostProcessorRegistrationDelegate.java:330 - Bean 'org.springframework.cloud.autoconfigure.ConfigurationPropertiesRebinderAutoConfiguration' of type [org.springframework.cloud.autoconfigure.ConfigurationPropertiesRebinderAutoConfiguration$$EnhancerBySpringCGLIB$$134f12aa] is not eligible for getting processed by all BeanPostProcessors (for example: not eligible for auto-proxying)
2019-12-30 10:36:51,977 [main] WARN  [com.netflix.config.sources.URLConfigurationSource] URLConfigurationSource.java:121 - No URLs will be polled as dynamic configuration sources.
2019-12-30 10:36:51,978 [main] INFO  [com.netflix.config.sources.URLConfigurationSource] URLConfigurationSource.java:122 - To enable URLs as dynamic configuration sources, define System property archaius.configurationSource.additionalUrls or make config.properties available on classpath.
2019-12-30 10:36:51,990 [main] WARN  [com.netflix.config.sources.URLConfigurationSource] URLConfigurationSource.java:121 - No URLs will be polled as dynamic configuration sources.
2019-12-30 10:36:51,991 [main] INFO  [com.netflix.config.sources.URLConfigurationSource] URLConfigurationSource.java:122 - To enable URLs as dynamic configuration sources, define System property archaius.configurationSource.additionalUrls or make config.properties available on classpath.
2019-12-30 10:36:53,805 [main] INFO  [o.s.cloud.netflix.eureka.InstanceInfoFactory] InstanceInfoFactory.java:72 - Setting initial instance status as: STARTING
2019-12-30 10:36:53,868 [main] INFO  [com.netflix.discovery.DiscoveryClient] DiscoveryClient.java:365 - Initializing Eureka in region us-east-1
2019-12-30 10:36:54,450 [main] INFO  [c.n.discovery.provider.DiscoveryJerseyProvider] DiscoveryJerseyProvider.java:70 - Using JSON encoding codec LegacyJacksonJson
2019-12-30 10:36:54,451 [main] INFO  [c.n.discovery.provider.DiscoveryJerseyProvider] DiscoveryJerseyProvider.java:71 - Using JSON decoding codec LegacyJacksonJson
2019-12-30 10:36:54,823 [main] INFO  [c.n.discovery.provider.DiscoveryJerseyProvider] DiscoveryJerseyProvider.java:80 - Using XML encoding codec XStreamXml
2019-12-30 10:36:54,824 [main] INFO  [c.n.discovery.provider.DiscoveryJerseyProvider] DiscoveryJerseyProvider.java:81 - Using XML decoding codec XStreamXml
2019-12-30 10:36:55,178 [main] INFO  [c.n.d.shared.resolver.aws.ConfigClusterResolver] ConfigClusterResolver.java:43 - Resolving eureka endpoints via configuration
2019-12-30 10:36:55,412 [main] INFO  [com.netflix.discovery.DiscoveryClient] DiscoveryClient.java:976 - Disable delta property : false
2019-12-30 10:36:55,413 [main] INFO  [com.netflix.discovery.DiscoveryClient] DiscoveryClient.java:977 - Single vip registry refresh property : null
2019-12-30 10:36:55,413 [main] INFO  [com.netflix.discovery.DiscoveryClient] DiscoveryClient.java:978 - Force full registry fetch : false
2019-12-30 10:36:55,413 [main] INFO  [com.netflix.discovery.DiscoveryClient] DiscoveryClient.java:979 - Application is null : false
2019-12-30 10:36:55,414 [main] INFO  [com.netflix.discovery.DiscoveryClient] DiscoveryClient.java:980 - Registered Applications size is zero : true
2019-12-30 10:36:55,414 [main] INFO  [com.netflix.discovery.DiscoveryClient] DiscoveryClient.java:982 - Application version is -1: true
2019-12-30 10:36:55,415 [main] INFO  [com.netflix.discovery.DiscoveryClient] DiscoveryClient.java:1065 - Getting all instance registry info from the eureka server
2019-12-30 10:36:55,737 [main] INFO  [com.netflix.discovery.DiscoveryClient] DiscoveryClient.java:1074 - The response status is 200
2019-12-30 10:36:55,746 [main] INFO  [com.netflix.discovery.DiscoveryClient] DiscoveryClient.java:1288 - Starting heartbeat executor: renew interval is: 5
2019-12-30 10:36:55,751 [main] INFO  [com.netflix.discovery.InstanceInfoReplicator] InstanceInfoReplicator.java:60 - InstanceInfoReplicator onDemand update allowed rate per min is 4
2019-12-30 10:36:55,757 [main] INFO  [com.netflix.discovery.DiscoveryClient] DiscoveryClient.java:465 - Discovery Client initialized at timestamp 1577673415756 with initial instances count: 4
2019-12-30 10:36:55,760 [main] INFO  [o.s.c.n.e.serviceregistry.EurekaServiceRegistry] EurekaServiceRegistry.java:41 - Registering application PC-USER2 with eureka with status UP
2019-12-30 10:36:55,761 [main] INFO  [com.netflix.discovery.DiscoveryClient] DiscoveryClient.java:1323 - Saw local status change event StatusChangeEvent [timestamp=1577673415761, current=UP, previous=STARTING]
2019-12-30 10:36:55,774 [main] INFO  [com.zhupeng.PcUserApplication] StartupInfoLogger.java:59 - Started PcUserApplication in 10.002 seconds (JVM running for 11.166)
2019-12-30 10:36:55,776 [main] INFO  [com.zhupeng.PcUserApplication] PcUserApplication.java:16 - PC端--用户模块启动完成！
2019-12-30 10:36:55,783 [DiscoveryClient-InstanceInfoReplicator-0] INFO  [com.netflix.discovery.DiscoveryClient] DiscoveryClient.java:844 - DiscoveryClient_PC-USER2/AUTOBVT-SMVSLG2:pc-user2:9765: registering service...
2019-12-30 10:36:55,789 [Thread-5] INFO  [o.s.c.n.e.serviceregistry.EurekaServiceRegistry] EurekaServiceRegistry.java:65 - Unregistering application PC-USER2 with eureka with status DOWN
2019-12-30 10:36:55,789 [Thread-5] WARN  [com.netflix.discovery.DiscoveryClient] DiscoveryClient.java:1321 - Saw local status change event StatusChangeEvent [timestamp=1577673415789, current=DOWN, previous=UP]
2019-12-30 10:36:55,811 [Thread-5] INFO  [com.netflix.discovery.DiscoveryClient] DiscoveryClient.java:906 - Shutting down DiscoveryClient ...
2019-12-30 10:36:55,855 [DiscoveryClient-InstanceInfoReplicator-0] INFO  [com.netflix.discovery.DiscoveryClient] DiscoveryClient.java:853 - DiscoveryClient_PC-USER2/AUTOBVT-SMVSLG2:pc-user2:9765 - registration status: 204
2019-12-30 10:36:55,856 [DiscoveryClient-InstanceInfoReplicator-0] INFO  [com.netflix.discovery.DiscoveryClient] DiscoveryClient.java:844 - DiscoveryClient_PC-USER2/AUTOBVT-SMVSLG2:pc-user2:9765: registering service...
2019-12-30 10:36:55,864 [DiscoveryClient-InstanceInfoReplicator-0] INFO  [com.netflix.discovery.DiscoveryClient] DiscoveryClient.java:853 - DiscoveryClient_PC-USER2/AUTOBVT-SMVSLG2:pc-user2:9765 - registration status: 204
2019-12-30 10:36:55,867 [Thread-5] INFO  [com.netflix.discovery.DiscoveryClient] DiscoveryClient.java:940 - Unregistering ...
2019-12-30 10:36:55,878 [Thread-5] INFO  [com.netflix.discovery.DiscoveryClient] DiscoveryClient.java:942 - DiscoveryClient_PC-USER2/AUTOBVT-SMVSLG2:pc-user2:9765 - deregister  status: 200
2019-12-30 10:36:55,891 [Thread-5] INFO  [com.netflix.discovery.DiscoveryClient] DiscoveryClient.java:929 - Completed shut down of DiscoveryClient
2019-12-30 10:38:35,893 [main] INFO  [o.s.c.s.PostProcessorRegistrationDelegate$BeanPostProcessorChecker] PostProcessorRegistrationDelegate.java:330 - Bean 'org.springframework.cloud.autoconfigure.ConfigurationPropertiesRebinderAutoConfiguration' of type [org.springframework.cloud.autoconfigure.ConfigurationPropertiesRebinderAutoConfiguration$$EnhancerBySpringCGLIB$$134f12aa] is not eligible for getting processed by all BeanPostProcessors (for example: not eligible for auto-proxying)
2019-12-30 10:38:36,466 [main] INFO  [o.s.c.c.client.ConfigServicePropertySourceLocator] ConfigServicePropertySourceLocator.java:188 - Multiple Config Server Urls found listed.
2019-12-30 10:38:36,467 [main] INFO  [o.s.c.c.client.ConfigServicePropertySourceLocator] ConfigServicePropertySourceLocator.java:207 - Fetching config from server at : http://127.0.0.1:9762
2019-12-30 10:38:37,017 [main] INFO  [o.s.c.c.client.ConfigServicePropertySourceLocator] ConfigServicePropertySourceLocator.java:151 - Located environment: name=pc-user2, profiles=[native], label=null, version=null, state=null
2019-12-30 10:38:37,018 [main] INFO  [o.s.c.b.c.PropertySourceBootstrapConfiguration] PropertySourceBootstrapConfiguration.java:101 - Located property source: CompositePropertySource {name='configService', propertySources=[]}
2019-12-30 10:38:37,023 [main] INFO  [com.zhupeng.PcUserApplication] SpringApplication.java:652 - The following profiles are active: native
2019-12-30 10:38:38,019 [main] INFO  [o.springframework.cloud.context.scope.GenericScope] GenericScope.java:295 - BeanFactory id=27c0d29a-1702-33bb-a4b0-d2477a80009a
2019-12-30 10:38:38,144 [main] INFO  [o.s.c.s.PostProcessorRegistrationDelegate$BeanPostProcessorChecker] PostProcessorRegistrationDelegate.java:330 - Bean 'org.springframework.cloud.autoconfigure.ConfigurationPropertiesRebinderAutoConfiguration' of type [org.springframework.cloud.autoconfigure.ConfigurationPropertiesRebinderAutoConfiguration$$EnhancerBySpringCGLIB$$134f12aa] is not eligible for getting processed by all BeanPostProcessors (for example: not eligible for auto-proxying)
2019-12-30 10:38:38,240 [main] WARN  [com.netflix.config.sources.URLConfigurationSource] URLConfigurationSource.java:121 - No URLs will be polled as dynamic configuration sources.
2019-12-30 10:38:38,241 [main] INFO  [com.netflix.config.sources.URLConfigurationSource] URLConfigurationSource.java:122 - To enable URLs as dynamic configuration sources, define System property archaius.configurationSource.additionalUrls or make config.properties available on classpath.
2019-12-30 10:38:38,250 [main] WARN  [com.netflix.config.sources.URLConfigurationSource] URLConfigurationSource.java:121 - No URLs will be polled as dynamic configuration sources.
2019-12-30 10:38:38,251 [main] INFO  [com.netflix.config.sources.URLConfigurationSource] URLConfigurationSource.java:122 - To enable URLs as dynamic configuration sources, define System property archaius.configurationSource.additionalUrls or make config.properties available on classpath.
2019-12-30 10:40:42,231 [main] INFO  [o.s.c.s.PostProcessorRegistrationDelegate$BeanPostProcessorChecker] PostProcessorRegistrationDelegate.java:330 - Bean 'org.springframework.cloud.autoconfigure.ConfigurationPropertiesRebinderAutoConfiguration' of type [org.springframework.cloud.autoconfigure.ConfigurationPropertiesRebinderAutoConfiguration$$EnhancerBySpringCGLIB$$e33c0867] is not eligible for getting processed by all BeanPostProcessors (for example: not eligible for auto-proxying)
2019-12-30 10:40:42,817 [main] INFO  [o.s.c.c.client.ConfigServicePropertySourceLocator] ConfigServicePropertySourceLocator.java:188 - Multiple Config Server Urls found listed.
2019-12-30 10:40:42,825 [main] INFO  [o.s.c.c.client.ConfigServicePropertySourceLocator] ConfigServicePropertySourceLocator.java:207 - Fetching config from server at : http://127.0.0.1:9762
2019-12-30 10:40:43,853 [main] INFO  [o.s.c.c.client.ConfigServicePropertySourceLocator] ConfigServicePropertySourceLocator.java:151 - Located environment: name=pc-user2, profiles=[native], label=null, version=null, state=null
2019-12-30 10:40:43,854 [main] INFO  [o.s.c.b.c.PropertySourceBootstrapConfiguration] PropertySourceBootstrapConfiguration.java:101 - Located property source: CompositePropertySource {name='configService', propertySources=[MapPropertySource {name='classpath:/config/pc-user2-native.yml'}]}
2019-12-30 10:40:43,869 [main] INFO  [com.zhupeng.PcUserApplication] SpringApplication.java:652 - The following profiles are active: native
2019-12-30 10:40:46,152 [main] INFO  [o.springframework.cloud.context.scope.GenericScope] GenericScope.java:295 - BeanFactory id=27c0d29a-1702-33bb-a4b0-d2477a80009a
2019-12-30 10:40:46,276 [main] INFO  [o.s.c.s.PostProcessorRegistrationDelegate$BeanPostProcessorChecker] PostProcessorRegistrationDelegate.java:330 - Bean 'org.springframework.cloud.autoconfigure.ConfigurationPropertiesRebinderAutoConfiguration' of type [org.springframework.cloud.autoconfigure.ConfigurationPropertiesRebinderAutoConfiguration$$EnhancerBySpringCGLIB$$e33c0867] is not eligible for getting processed by all BeanPostProcessors (for example: not eligible for auto-proxying)
2019-12-30 10:40:46,365 [main] WARN  [com.netflix.config.sources.URLConfigurationSource] URLConfigurationSource.java:121 - No URLs will be polled as dynamic configuration sources.
2019-12-30 10:40:46,366 [main] INFO  [com.netflix.config.sources.URLConfigurationSource] URLConfigurationSource.java:122 - To enable URLs as dynamic configuration sources, define System property archaius.configurationSource.additionalUrls or make config.properties available on classpath.
2019-12-30 10:40:46,374 [main] WARN  [com.netflix.config.sources.URLConfigurationSource] URLConfigurationSource.java:121 - No URLs will be polled as dynamic configuration sources.
2019-12-30 10:40:46,374 [main] INFO  [com.netflix.config.sources.URLConfigurationSource] URLConfigurationSource.java:122 - To enable URLs as dynamic configuration sources, define System property archaius.configurationSource.additionalUrls or make config.properties available on classpath.
2019-12-30 10:40:47,813 [main] INFO  [o.s.cloud.netflix.eureka.InstanceInfoFactory] InstanceInfoFactory.java:72 - Setting initial instance status as: STARTING
2019-12-30 10:40:47,869 [main] INFO  [com.netflix.discovery.DiscoveryClient] DiscoveryClient.java:365 - Initializing Eureka in region us-east-1
2019-12-30 10:40:48,404 [main] INFO  [c.n.discovery.provider.DiscoveryJerseyProvider] DiscoveryJerseyProvider.java:70 - Using JSON encoding codec LegacyJacksonJson
2019-12-30 10:40:48,404 [main] INFO  [c.n.discovery.provider.DiscoveryJerseyProvider] DiscoveryJerseyProvider.java:71 - Using JSON decoding codec LegacyJacksonJson
2019-12-30 10:40:48,826 [main] INFO  [c.n.discovery.provider.DiscoveryJerseyProvider] DiscoveryJerseyProvider.java:80 - Using XML encoding codec XStreamXml
2019-12-30 10:40:48,827 [main] INFO  [c.n.discovery.provider.DiscoveryJerseyProvider] DiscoveryJerseyProvider.java:81 - Using XML decoding codec XStreamXml
2019-12-30 10:40:49,189 [main] INFO  [c.n.d.shared.resolver.aws.ConfigClusterResolver] ConfigClusterResolver.java:43 - Resolving eureka endpoints via configuration
2019-12-30 10:40:49,404 [main] INFO  [com.netflix.discovery.DiscoveryClient] DiscoveryClient.java:976 - Disable delta property : false
2019-12-30 10:40:49,405 [main] INFO  [com.netflix.discovery.DiscoveryClient] DiscoveryClient.java:977 - Single vip registry refresh property : null
2019-12-30 10:40:49,405 [main] INFO  [com.netflix.discovery.DiscoveryClient] DiscoveryClient.java:978 - Force full registry fetch : false
2019-12-30 10:40:49,405 [main] INFO  [com.netflix.discovery.DiscoveryClient] DiscoveryClient.java:979 - Application is null : false
2019-12-30 10:40:49,405 [main] INFO  [com.netflix.discovery.DiscoveryClient] DiscoveryClient.java:980 - Registered Applications size is zero : true
2019-12-30 10:40:49,406 [main] INFO  [com.netflix.discovery.DiscoveryClient] DiscoveryClient.java:982 - Application version is -1: true
2019-12-30 10:40:49,406 [main] INFO  [com.netflix.discovery.DiscoveryClient] DiscoveryClient.java:1065 - Getting all instance registry info from the eureka server
2019-12-30 10:40:49,705 [main] INFO  [com.netflix.discovery.DiscoveryClient] DiscoveryClient.java:1074 - The response status is 200
2019-12-30 10:40:49,709 [main] INFO  [com.netflix.discovery.DiscoveryClient] DiscoveryClient.java:1288 - Starting heartbeat executor: renew interval is: 5
2019-12-30 10:40:49,714 [main] INFO  [com.netflix.discovery.InstanceInfoReplicator] InstanceInfoReplicator.java:60 - InstanceInfoReplicator onDemand update allowed rate per min is 4
2019-12-30 10:40:49,718 [main] INFO  [com.netflix.discovery.DiscoveryClient] DiscoveryClient.java:465 - Discovery Client initialized at timestamp 1577673649717 with initial instances count: 4
2019-12-30 10:40:49,720 [main] INFO  [o.s.c.n.e.serviceregistry.EurekaServiceRegistry] EurekaServiceRegistry.java:41 - Registering application PC-USER2 with eureka with status UP
2019-12-30 10:40:49,721 [main] INFO  [com.netflix.discovery.DiscoveryClient] DiscoveryClient.java:1323 - Saw local status change event StatusChangeEvent [timestamp=1577673649721, current=UP, previous=STARTING]
2019-12-30 10:40:49,766 [DiscoveryClient-InstanceInfoReplicator-0] INFO  [com.netflix.discovery.DiscoveryClient] DiscoveryClient.java:844 - DiscoveryClient_PC-USER2/AUTOBVT-SMVSLG2:pc-user2:9765: registering service...
2019-12-30 10:40:49,767 [main] INFO  [com.zhupeng.PcUserApplication] StartupInfoLogger.java:59 - Started PcUserApplication in 10.925 seconds (JVM running for 11.956)
2019-12-30 10:40:49,769 [main] INFO  [com.zhupeng.PcUserApplication] PcUserApplication.java:16 - PC端--用户模块启动完成！
2019-12-30 10:40:49,783 [Thread-5] INFO  [o.s.c.n.e.serviceregistry.EurekaServiceRegistry] EurekaServiceRegistry.java:65 - Unregistering application PC-USER2 with eureka with status DOWN
2019-12-30 10:40:49,783 [Thread-5] WARN  [com.netflix.discovery.DiscoveryClient] DiscoveryClient.java:1321 - Saw local status change event StatusChangeEvent [timestamp=1577673649783, current=DOWN, previous=UP]
2019-12-30 10:40:49,795 [Thread-5] INFO  [com.netflix.discovery.DiscoveryClient] DiscoveryClient.java:906 - Shutting down DiscoveryClient ...
2019-12-30 10:40:49,841 [DiscoveryClient-InstanceInfoReplicator-0] INFO  [com.netflix.discovery.DiscoveryClient] DiscoveryClient.java:853 - DiscoveryClient_PC-USER2/AUTOBVT-SMVSLG2:pc-user2:9765 - registration status: 204
2019-12-30 10:40:49,841 [DiscoveryClient-InstanceInfoReplicator-0] INFO  [com.netflix.discovery.DiscoveryClient] DiscoveryClient.java:844 - DiscoveryClient_PC-USER2/AUTOBVT-SMVSLG2:pc-user2:9765: registering service...
2019-12-30 10:40:49,849 [DiscoveryClient-InstanceInfoReplicator-0] INFO  [com.netflix.discovery.DiscoveryClient] DiscoveryClient.java:853 - DiscoveryClient_PC-USER2/AUTOBVT-SMVSLG2:pc-user2:9765 - registration status: 204
2019-12-30 10:40:49,852 [Thread-5] INFO  [com.netflix.discovery.DiscoveryClient] DiscoveryClient.java:940 - Unregistering ...
2019-12-30 10:40:49,860 [Thread-5] INFO  [com.netflix.discovery.DiscoveryClient] DiscoveryClient.java:942 - DiscoveryClient_PC-USER2/AUTOBVT-SMVSLG2:pc-user2:9765 - deregister  status: 200
2019-12-30 10:40:49,881 [Thread-5] INFO  [com.netflix.discovery.DiscoveryClient] DiscoveryClient.java:929 - Completed shut down of DiscoveryClient
