2020-03-25 20:11:39,562 [main] INFO  [o.s.c.s.PostProcessorRegistrationDelegate$BeanPostProcessorChecker] PostProcessorRegistrationDelegate.java:330 - Bean 'org.springframework.cloud.autoconfigure.ConfigurationPropertiesRebinderAutoConfiguration' of type [org.springframework.cloud.autoconfigure.ConfigurationPropertiesRebinderAutoConfiguration$$EnhancerBySpringCGLIB$$6733ddd7] is not eligible for getting processed by all BeanPostProcessors (for example: not eligible for auto-proxying)
2020-03-25 20:11:41,772 [main] INFO  [o.s.c.c.client.ConfigServicePropertySourceLocator] ConfigServicePropertySourceLocator.java:188 - Multiple Config Server Urls found listed.
2020-03-25 20:11:41,786 [main] INFO  [o.s.c.c.client.ConfigServicePropertySourceLocator] ConfigServicePropertySourceLocator.java:207 - Fetching config from server at : http://127.0.0.1:9762
2020-03-25 20:11:43,381 [main] INFO  [o.s.c.c.client.ConfigServicePropertySourceLocator] ConfigServicePropertySourceLocator.java:230 - Connect Timeout Exception on Url - http://127.0.0.1:9762. Will be trying the next url if available
2020-03-25 20:11:43,382 [main] INFO  [o.s.c.c.client.ConfigServicePropertySourceLocator] ConfigServicePropertySourceLocator.java:207 - Fetching config from server at : http://127.0.0.1:9760
2020-03-25 20:11:43,922 [main] INFO  [o.s.c.c.client.ConfigServicePropertySourceLocator] ConfigServicePropertySourceLocator.java:151 - Located environment: name=admin, profiles=[native], label=null, version=null, state=null
2020-03-25 20:11:43,923 [main] INFO  [o.s.c.b.c.PropertySourceBootstrapConfiguration] PropertySourceBootstrapConfiguration.java:101 - Located property source: CompositePropertySource {name='configService', propertySources=[MapPropertySource {name='classpath:/native-config/admin-native.yml'}, MapPropertySource {name='classpath:/native-config/application-native.yml'}]}
2020-03-25 20:11:43,934 [main] INFO  [com.zhupeng.minor.admin.AdminApplication] SpringApplication.java:652 - The following profiles are active: native
2020-03-25 20:11:45,426 [main] WARN  [o.springframework.boot.actuate.endpoint.EndpointId] EndpointId.java:131 - Endpoint ID 'bus-env' contains invalid characters, please migrate to a valid format.
2020-03-25 20:11:46,165 [main] WARN  [o.springframework.boot.actuate.endpoint.EndpointId] EndpointId.java:131 - Endpoint ID 'bus-refresh' contains invalid characters, please migrate to a valid format.
2020-03-25 20:11:46,217 [main] WARN  [o.springframework.boot.actuate.endpoint.EndpointId] EndpointId.java:131 - Endpoint ID 'service-registry' contains invalid characters, please migrate to a valid format.
2020-03-25 20:11:47,443 [main] INFO  [o.springframework.cloud.context.scope.GenericScope] GenericScope.java:295 - BeanFactory id=835b0208-fb8a-39aa-86ab-8e442ed98eb5
2020-03-25 20:11:47,463 [main] INFO  [o.s.i.c.DefaultConfiguringBeanFactoryPostProcessor] DefaultConfiguringBeanFactoryPostProcessor.java:193 - No bean named 'errorChannel' has been explicitly defined. Therefore, a default PublishSubscribeChannel will be created.
2020-03-25 20:11:47,474 [main] INFO  [o.s.i.c.DefaultConfiguringBeanFactoryPostProcessor] DefaultConfiguringBeanFactoryPostProcessor.java:280 - No bean named 'taskScheduler' has been explicitly defined. Therefore, a default ThreadPoolTaskScheduler will be created.
2020-03-25 20:11:47,487 [main] INFO  [o.s.i.c.DefaultConfiguringBeanFactoryPostProcessor] DefaultConfiguringBeanFactoryPostProcessor.java:431 - No bean named 'integrationHeaderChannelRegistry' has been explicitly defined. Therefore, a default DefaultHeaderChannelRegistry will be created.
2020-03-25 20:11:47,684 [main] INFO  [o.s.c.s.PostProcessorRegistrationDelegate$BeanPostProcessorChecker] PostProcessorRegistrationDelegate.java:330 - Bean 'integrationDisposableAutoCreatedBeans' of type [org.springframework.integration.config.annotation.Disposables] is not eligible for getting processed by all BeanPostProcessors (for example: not eligible for auto-proxying)
2020-03-25 20:11:47,737 [main] INFO  [o.s.c.s.PostProcessorRegistrationDelegate$BeanPostProcessorChecker] PostProcessorRegistrationDelegate.java:330 - Bean 'org.springframework.integration.config.IntegrationManagementConfiguration' of type [org.springframework.integration.config.IntegrationManagementConfiguration$$EnhancerBySpringCGLIB$$b60b9609] is not eligible for getting processed by all BeanPostProcessors (for example: not eligible for auto-proxying)
2020-03-25 20:11:47,751 [main] INFO  [o.s.c.s.PostProcessorRegistrationDelegate$BeanPostProcessorChecker] PostProcessorRegistrationDelegate.java:330 - Bean 'org.springframework.boot.autoconfigure.integration.IntegrationAutoConfiguration$IntegrationJmxConfiguration' of type [org.springframework.boot.autoconfigure.integration.IntegrationAutoConfiguration$IntegrationJmxConfiguration$$EnhancerBySpringCGLIB$$919da129] is not eligible for getting processed by all BeanPostProcessors (for example: not eligible for auto-proxying)
2020-03-25 20:11:47,815 [main] INFO  [o.s.c.s.PostProcessorRegistrationDelegate$BeanPostProcessorChecker] PostProcessorRegistrationDelegate.java:330 - Bean 'org.springframework.boot.autoconfigure.jmx.JmxAutoConfiguration' of type [org.springframework.boot.autoconfigure.jmx.JmxAutoConfiguration$$EnhancerBySpringCGLIB$$ca8549f6] is not eligible for getting processed by all BeanPostProcessors (for example: not eligible for auto-proxying)
2020-03-25 20:11:48,001 [main] INFO  [o.s.c.s.PostProcessorRegistrationDelegate$BeanPostProcessorChecker] PostProcessorRegistrationDelegate.java:330 - Bean 'mbeanServer' of type [com.sun.jmx.mbeanserver.JmxMBeanServer] is not eligible for getting processed by all BeanPostProcessors (for example: not eligible for auto-proxying)
2020-03-25 20:11:48,019 [main] INFO  [o.s.c.s.PostProcessorRegistrationDelegate$BeanPostProcessorChecker] PostProcessorRegistrationDelegate.java:330 - Bean 'org.springframework.cloud.autoconfigure.ConfigurationPropertiesRebinderAutoConfiguration' of type [org.springframework.cloud.autoconfigure.ConfigurationPropertiesRebinderAutoConfiguration$$EnhancerBySpringCGLIB$$6733ddd7] is not eligible for getting processed by all BeanPostProcessors (for example: not eligible for auto-proxying)
2020-03-25 20:11:49,181 [main] WARN  [io.undertow.websockets.jsr] Bootstrap.java:68 - UT026010: Buffer pool was not set on WebSocketDeploymentInfo, the default pool will be used
2020-03-25 20:11:49,231 [main] INFO  [io.undertow.servlet] ServletContextImpl.java:364 - Initializing Spring embedded WebApplicationContext
2020-03-25 20:11:49,231 [main] INFO  [org.springframework.web.context.ContextLoader] ServletWebServerApplicationContext.java:284 - Root WebApplicationContext: initialization completed in 5257 ms
2020-03-25 20:11:49,461 [main] WARN  [com.netflix.config.sources.URLConfigurationSource] URLConfigurationSource.java:121 - No URLs will be polled as dynamic configuration sources.
2020-03-25 20:11:49,462 [main] INFO  [com.netflix.config.sources.URLConfigurationSource] URLConfigurationSource.java:122 - To enable URLs as dynamic configuration sources, define System property archaius.configurationSource.additionalUrls or make config.properties available on classpath.
2020-03-25 20:11:49,519 [main] INFO  [com.netflix.config.DynamicPropertyFactory] DynamicPropertyFactory.java:281 - DynamicPropertyFactory is initialized with configuration sources: com.netflix.config.ConcurrentCompositeConfiguration@191f4d65
2020-03-25 20:11:51,405 [main] INFO  [o.s.scheduling.concurrent.ThreadPoolTaskScheduler] ExecutorConfigurationSupport.java:171 - Initializing ExecutorService 'taskScheduler'
2020-03-25 20:11:51,818 [main] INFO  [o.s.b.a.endpoint.web.ServletEndpointRegistrar] ServletEndpointRegistrar.java:74 - Registered '/actuator/jolokia' to jolokia-actuator-endpoint
2020-03-25 20:11:52,102 [main] WARN  [com.netflix.config.sources.URLConfigurationSource] URLConfigurationSource.java:121 - No URLs will be polled as dynamic configuration sources.
2020-03-25 20:11:52,103 [main] INFO  [com.netflix.config.sources.URLConfigurationSource] URLConfigurationSource.java:122 - To enable URLs as dynamic configuration sources, define System property archaius.configurationSource.additionalUrls or make config.properties available on classpath.
2020-03-25 20:11:52,411 [main] INFO  [o.s.scheduling.concurrent.ThreadPoolTaskExecutor] ExecutorConfigurationSupport.java:171 - Initializing ExecutorService 'applicationTaskExecutor'
2020-03-25 20:11:52,660 [main] WARN  [o.s.b.a.t.ThymeleafAutoConfiguration$DefaultTemplateResolverConfiguration] ThymeleafAutoConfiguration.java:107 - Cannot find template location: classpath:/templates/ (please add some templates or check your Thymeleaf configuration)
2020-03-25 20:11:57,766 [main] INFO  [o.s.security.web.DefaultSecurityFilterChain] DefaultSecurityFilterChain.java:43 - Creating filter chain: any request, [org.springframework.security.web.context.request.async.WebAsyncManagerIntegrationFilter@870a9f2, org.springframework.security.web.context.SecurityContextPersistenceFilter@85f5f55, org.springframework.security.web.header.HeaderWriterFilter@129e45eb, org.springframework.security.web.csrf.CsrfFilter@bb38c49, org.springframework.security.web.authentication.logout.LogoutFilter@2b06f498, org.springframework.security.web.authentication.UsernamePasswordAuthenticationFilter@4d3a7f83, org.springframework.security.web.authentication.www.BasicAuthenticationFilter@6127ef86, org.springframework.security.web.savedrequest.RequestCacheAwareFilter@394331a8, org.springframework.security.web.servletapi.SecurityContextHolderAwareRequestFilter@248b2091, org.springframework.security.web.authentication.AnonymousAuthenticationFilter@6c2e7591, org.springframework.security.web.session.SessionManagementFilter@4a7e469d, org.springframework.security.web.access.ExceptionTranslationFilter@6c767288, org.springframework.security.web.access.intercept.FilterSecurityInterceptor@2a349a73]
2020-03-25 20:11:58,168 [main] INFO  [o.s.b.actuate.endpoint.web.EndpointLinksResolver] EndpointLinksResolver.java:58 - Exposing 25 endpoint(s) beneath base path '/actuator'
2020-03-25 20:11:58,331 [main] INFO  [o.s.c.stream.messaging.DirectWithAttributesChannel] AbstractSubscribableChannel.java:64 - Channel 'admin-1.springCloudBusInput' has 1 subscriber(s).
2020-03-25 20:11:58,876 [main] INFO  [o.s.integration.monitor.IntegrationMBeanExporter] IntegrationMBeanExporter.java:767 - Registering MessageChannel nullChannel
2020-03-25 20:11:58,909 [main] INFO  [o.s.integration.monitor.IntegrationMBeanExporter] IntegrationMBeanExporter.java:767 - Registering MessageChannel springCloudBusOutput
2020-03-25 20:11:59,024 [main] INFO  [o.s.integration.monitor.IntegrationMBeanExporter] IntegrationMBeanExporter.java:767 - Registering MessageChannel springCloudBusInput
2020-03-25 20:11:59,034 [main] INFO  [o.s.integration.monitor.IntegrationMBeanExporter] IntegrationMBeanExporter.java:767 - Registering MessageChannel errorChannel
2020-03-25 20:11:59,107 [main] INFO  [o.s.integration.monitor.IntegrationMBeanExporter] IntegrationMBeanExporter.java:785 - Registering MessageHandler errorLogger
2020-03-25 20:11:59,138 [main] INFO  [o.s.integration.monitor.IntegrationMBeanExporter] IntegrationMBeanExporter.java:785 - Registering MessageHandler org.springframework.cloud.stream.binding.StreamListenerMessageHandler@656672fb
2020-03-25 20:11:59,264 [main] INFO  [o.s.integration.endpoint.EventDrivenConsumer] EventDrivenConsumer.java:107 - Adding {logging-channel-adapter:_org.springframework.integration.errorLogger} as a subscriber to the 'errorChannel' channel
2020-03-25 20:11:59,264 [main] INFO  [o.s.integration.channel.PublishSubscribeChannel] AbstractSubscribableChannel.java:64 - Channel 'admin-1.errorChannel' has 1 subscriber(s).
2020-03-25 20:11:59,265 [main] INFO  [o.s.integration.endpoint.EventDrivenConsumer] AbstractEndpoint.java:159 - started _org.springframework.integration.errorLogger
2020-03-25 20:11:59,909 [main] INFO  [o.s.c.c.client.ConfigServicePropertySourceLocator] ConfigServicePropertySourceLocator.java:188 - Multiple Config Server Urls found listed.
2020-03-25 20:11:59,909 [main] INFO  [o.s.c.c.client.ConfigServicePropertySourceLocator] ConfigServicePropertySourceLocator.java:207 - Fetching config from server at : http://127.0.0.1:9762
2020-03-25 20:12:00,924 [main] INFO  [o.s.c.c.client.ConfigServicePropertySourceLocator] ConfigServicePropertySourceLocator.java:230 - Connect Timeout Exception on Url - http://127.0.0.1:9762. Will be trying the next url if available
2020-03-25 20:12:00,926 [main] INFO  [o.s.c.c.client.ConfigServicePropertySourceLocator] ConfigServicePropertySourceLocator.java:207 - Fetching config from server at : http://127.0.0.1:9760
2020-03-25 20:12:03,333 [main] INFO  [o.s.c.c.client.ConfigServicePropertySourceLocator] ConfigServicePropertySourceLocator.java:151 - Located environment: name=admin, profiles=[native], label=null, version=null, state=null
2020-03-25 20:12:03,334 [main] INFO  [o.s.c.b.c.PropertySourceBootstrapConfiguration] PropertySourceBootstrapConfiguration.java:101 - Located property source: CompositePropertySource {name='configService', propertySources=[MapPropertySource {name='classpath:/native-config/admin-native.yml'}, MapPropertySource {name='classpath:/native-config/application-native.yml'}]}
2020-03-25 20:12:03,506 [main] INFO  [o.s.cloud.netflix.eureka.InstanceInfoFactory] InstanceInfoFactory.java:72 - Setting initial instance status as: STARTING
2020-03-25 20:12:04,475 [main] INFO  [com.netflix.discovery.DiscoveryClient] DiscoveryClient.java:365 - Initializing Eureka in region us-east-1
2020-03-25 20:12:05,334 [main] INFO  [c.n.discovery.provider.DiscoveryJerseyProvider] DiscoveryJerseyProvider.java:70 - Using JSON encoding codec LegacyJacksonJson
2020-03-25 20:12:05,335 [main] INFO  [c.n.discovery.provider.DiscoveryJerseyProvider] DiscoveryJerseyProvider.java:71 - Using JSON decoding codec LegacyJacksonJson
2020-03-25 20:12:05,907 [main] INFO  [c.n.discovery.provider.DiscoveryJerseyProvider] DiscoveryJerseyProvider.java:80 - Using XML encoding codec XStreamXml
2020-03-25 20:12:05,909 [main] INFO  [c.n.discovery.provider.DiscoveryJerseyProvider] DiscoveryJerseyProvider.java:81 - Using XML decoding codec XStreamXml
2020-03-25 20:12:06,285 [main] INFO  [c.n.d.shared.resolver.aws.ConfigClusterResolver] ConfigClusterResolver.java:43 - Resolving eureka endpoints via configuration
2020-03-25 20:12:06,680 [main] INFO  [com.netflix.discovery.DiscoveryClient] DiscoveryClient.java:976 - Disable delta property : false
2020-03-25 20:12:06,681 [main] INFO  [com.netflix.discovery.DiscoveryClient] DiscoveryClient.java:977 - Single vip registry refresh property : null
2020-03-25 20:12:06,681 [main] INFO  [com.netflix.discovery.DiscoveryClient] DiscoveryClient.java:978 - Force full registry fetch : false
2020-03-25 20:12:06,682 [main] INFO  [com.netflix.discovery.DiscoveryClient] DiscoveryClient.java:979 - Application is null : false
2020-03-25 20:12:06,682 [main] INFO  [com.netflix.discovery.DiscoveryClient] DiscoveryClient.java:980 - Registered Applications size is zero : true
2020-03-25 20:12:06,682 [main] INFO  [com.netflix.discovery.DiscoveryClient] DiscoveryClient.java:982 - Application version is -1: true
2020-03-25 20:12:06,683 [main] INFO  [com.netflix.discovery.DiscoveryClient] DiscoveryClient.java:1065 - Getting all instance registry info from the eureka server
2020-03-25 20:12:07,018 [main] INFO  [com.netflix.discovery.DiscoveryClient] DiscoveryClient.java:1074 - The response status is 200
2020-03-25 20:12:07,024 [main] INFO  [com.netflix.discovery.DiscoveryClient] DiscoveryClient.java:1288 - Starting heartbeat executor: renew interval is: 5
2020-03-25 20:12:07,031 [main] INFO  [com.netflix.discovery.InstanceInfoReplicator] InstanceInfoReplicator.java:60 - InstanceInfoReplicator onDemand update allowed rate per min is 4
2020-03-25 20:12:07,047 [main] INFO  [com.netflix.discovery.DiscoveryClient] DiscoveryClient.java:465 - Discovery Client initialized at timestamp 1585138327035 with initial instances count: 5
2020-03-25 20:12:08,705 [main] INFO  [o.s.a.rabbit.connection.CachingConnectionFactory] AbstractConnectionFactory.java:482 - Attempting to connect to: [127.0.0.1:5672]
2020-03-25 20:12:09,122 [main] INFO  [o.s.a.rabbit.connection.CachingConnectionFactory] AbstractConnectionFactory.java:517 - Created new connection: rabbitConnectionFactory#3348c987:0/SimpleConnection@6db99c79 [delegate=amqp://guest@127.0.0.1:5672/, localPort= 62808]
2020-03-25 20:12:09,310 [main] INFO  [o.s.c.stream.messaging.DirectWithAttributesChannel] AbstractSubscribableChannel.java:64 - Channel 'admin-1.springCloudBusOutput' has 1 subscriber(s).
2020-03-25 20:12:09,323 [main] INFO  [o.s.c.n.e.serviceregistry.EurekaServiceRegistry] EurekaServiceRegistry.java:41 - Registering application ADMIN with eureka with status UP
2020-03-25 20:12:09,324 [main] INFO  [com.netflix.discovery.DiscoveryClient] DiscoveryClient.java:1323 - Saw local status change event StatusChangeEvent [timestamp=1585138329324, current=UP, previous=STARTING]
2020-03-25 20:12:09,385 [main] INFO  [o.s.c.s.b.r.p.RabbitExchangeQueueProvisioner] RabbitExchangeQueueProvisioner.java:168 - declaring queue for inbound: springCloudBus.anonymous.nkfsD8_XSM-k_CWEHnOoYg, bound to: springCloudBus
2020-03-25 20:12:09,386 [DiscoveryClient-InstanceInfoReplicator-0] INFO  [com.netflix.discovery.DiscoveryClient] DiscoveryClient.java:844 - DiscoveryClient_ADMIN/AUTOBVT-SMVSLG2:admin:9764: registering service...
2020-03-25 20:12:09,489 [DiscoveryClient-InstanceInfoReplicator-0] INFO  [com.netflix.discovery.DiscoveryClient] DiscoveryClient.java:853 - DiscoveryClient_ADMIN/AUTOBVT-SMVSLG2:admin:9764 - registration status: 204
2020-03-25 20:12:10,129 [main] INFO  [o.s.integration.monitor.IntegrationMBeanExporter] IntegrationMBeanExporter.java:767 - Registering MessageChannel springCloudBus.anonymous.nkfsD8_XSM-k_CWEHnOoYg.errors
2020-03-25 20:12:10,359 [main] INFO  [o.s.cloud.stream.binder.BinderErrorChannel] AbstractSubscribableChannel.java:64 - Channel 'admin-1.springCloudBus.anonymous.nkfsD8_XSM-k_CWEHnOoYg.errors' has 1 subscriber(s).
2020-03-25 20:12:10,360 [main] INFO  [o.s.cloud.stream.binder.BinderErrorChannel] AbstractSubscribableChannel.java:64 - Channel 'admin-1.springCloudBus.anonymous.nkfsD8_XSM-k_CWEHnOoYg.errors' has 2 subscriber(s).
2020-03-25 20:12:10,496 [main] INFO  [o.s.i.amqp.inbound.AmqpInboundChannelAdapter] AbstractEndpoint.java:159 - started inbound.springCloudBus.anonymous.nkfsD8_XSM-k_CWEHnOoYg
2020-03-25 20:12:11,199 [main] INFO  [org.xnio] Xnio.java:104 - XNIO version 3.3.8.Final
2020-03-25 20:12:11,217 [main] INFO  [org.xnio.nio] NioXnio.java:55 - XNIO NIO Implementation Version 3.3.8.Final
2020-03-25 20:12:12,122 [main] INFO  [o.s.b.w.embedded.undertow.UndertowServletWebServer] UndertowServletWebServer.java:144 - Undertow started on port(s) 9764 (http) with context path ''
2020-03-25 20:12:12,124 [main] INFO  [o.s.c.n.e.s.EurekaAutoServiceRegistration] EurekaAutoServiceRegistration.java:145 - Updating port to 9764
2020-03-25 20:12:13,946 [main] INFO  [com.zhupeng.minor.admin.AdminApplication] StartupInfoLogger.java:59 - Started AdminApplication in 42.95 seconds (JVM running for 46.335)
2020-03-25 20:12:13,955 [main] INFO  [com.zhupeng.minor.admin.AdminApplication] AdminApplication.java:18 - admin监控启动完成！
2020-03-25 20:12:18,954 [reactor-http-nio-4] WARN  [reactor.netty.http.client.HttpClientConnect] Loggers.java:299 - [id: 0x62814612, L:/10.12.14.163:62810 - R:/10.12.14.163:9761] The connection observed an error
io.netty.handler.timeout.ReadTimeoutException: null
2020-03-25 20:12:18,957 [reactor-http-nio-4] INFO  [d.c.boot.admin.server.services.StatusUpdater] StatusUpdater.java:127 - Couldn't retrieve status for Instance(id=e7e10a02e5c4, version=0, registration=Registration(name=REGISTER, managementUrl=http://10.12.14.163:9761/actuator, healthUrl=http://10.12.14.163:9761/actuator/health, serviceUrl=http://10.12.14.163:9761/, source=discovery), registered=true, statusInfo=StatusInfo(status=UNKNOWN, details={}), statusTimestamp=2020-03-25T12:12:08.453Z, info=Info(values={}), endpoints=Endpoints(endpoints={health=Endpoint(id=health, url=http://10.12.14.163:9761/actuator/health)}), buildVersion=null, tags=Tags(values={}))
io.netty.handler.timeout.ReadTimeoutException: null
2020-03-25 20:12:18,989 [reactor-http-nio-4] WARN  [reactor.netty.http.client.HttpClientConnect] Loggers.java:299 - [id: 0xb0bb7cc6, L:/10.12.14.163:62813 - R:/10.12.14.163:9763] The connection observed an error
io.netty.handler.timeout.ReadTimeoutException: null
2020-03-25 20:12:18,992 [reactor-http-nio-4] INFO  [d.c.boot.admin.server.services.StatusUpdater] StatusUpdater.java:127 - Couldn't retrieve status for Instance(id=87bdb35f0b2c, version=0, registration=Registration(name=MOBILE-USER, managementUrl=http://10.12.14.163:9763/actuator, healthUrl=http://10.12.14.163:9763/actuator/health, serviceUrl=http://10.12.14.163:9763/, source=discovery), registered=true, statusInfo=StatusInfo(status=UNKNOWN, details={}), statusTimestamp=2020-03-25T12:12:08.470Z, info=Info(values={}), endpoints=Endpoints(endpoints={health=Endpoint(id=health, url=http://10.12.14.163:9763/actuator/health)}), buildVersion=null, tags=Tags(values={}))
io.netty.handler.timeout.ReadTimeoutException: null
2020-03-25 20:12:37,130 [DiscoveryClient-CacheRefreshExecutor-0] INFO  [d.c.b.a.s.c.discovery.InstanceDiscoveryListener] InstanceDiscoveryListener.java:120 - Instance '87bdb35f0b2c' missing in DiscoveryClient services and will be removed.
2020-03-25 20:12:38,827 [XNIO-1 task-1] INFO  [io.undertow.servlet] ServletContextImpl.java:364 - Initializing Spring DispatcherServlet 'dispatcherServlet'
2020-03-25 20:12:38,828 [XNIO-1 task-1] INFO  [org.springframework.web.servlet.DispatcherServlet] FrameworkServlet.java:525 - Initializing Servlet 'dispatcherServlet'
2020-03-25 20:12:38,844 [XNIO-1 task-1] INFO  [org.springframework.web.servlet.DispatcherServlet] FrameworkServlet.java:547 - Completed initialization in 16 ms
2020-03-25 20:12:39,941 [XNIO-1 task-1] INFO  [o.s.c.c.client.ConfigServicePropertySourceLocator] ConfigServicePropertySourceLocator.java:188 - Multiple Config Server Urls found listed.
2020-03-25 20:12:39,945 [XNIO-1 task-1] INFO  [o.s.c.c.client.ConfigServicePropertySourceLocator] ConfigServicePropertySourceLocator.java:207 - Fetching config from server at : http://127.0.0.1:9762
2020-03-25 20:12:40,978 [XNIO-1 task-1] INFO  [o.s.c.c.client.ConfigServicePropertySourceLocator] ConfigServicePropertySourceLocator.java:230 - Connect Timeout Exception on Url - http://127.0.0.1:9762. Will be trying the next url if available
2020-03-25 20:12:40,978 [XNIO-1 task-1] INFO  [o.s.c.c.client.ConfigServicePropertySourceLocator] ConfigServicePropertySourceLocator.java:207 - Fetching config from server at : http://127.0.0.1:9760
2020-03-25 20:12:41,721 [XNIO-1 task-1] INFO  [o.s.c.c.client.ConfigServicePropertySourceLocator] ConfigServicePropertySourceLocator.java:151 - Located environment: name=admin, profiles=[native], label=null, version=null, state=null
2020-03-25 20:12:45,573 [reactor-http-nio-3] WARN  [reactor.netty.http.client.HttpClientConnect] Loggers.java:299 - [id: 0x0d2211f7, L:/10.12.14.163:62844 - R:/10.12.14.163:9763] The connection observed an error
io.netty.handler.timeout.ReadTimeoutException: null
2020-03-25 20:17:06,690 [AsyncResolver-bootstrap-executor-0] INFO  [c.n.d.shared.resolver.aws.ConfigClusterResolver] ConfigClusterResolver.java:43 - Resolving eureka endpoints via configuration
2020-03-25 20:17:55,763 [XNIO-1 task-5] INFO  [o.s.c.c.client.ConfigServicePropertySourceLocator] ConfigServicePropertySourceLocator.java:188 - Multiple Config Server Urls found listed.
2020-03-25 20:17:55,764 [XNIO-1 task-5] INFO  [o.s.c.c.client.ConfigServicePropertySourceLocator] ConfigServicePropertySourceLocator.java:207 - Fetching config from server at : http://127.0.0.1:9762
2020-03-25 20:17:56,776 [XNIO-1 task-5] INFO  [o.s.c.c.client.ConfigServicePropertySourceLocator] ConfigServicePropertySourceLocator.java:230 - Connect Timeout Exception on Url - http://127.0.0.1:9762. Will be trying the next url if available
2020-03-25 20:17:56,777 [XNIO-1 task-5] INFO  [o.s.c.c.client.ConfigServicePropertySourceLocator] ConfigServicePropertySourceLocator.java:207 - Fetching config from server at : http://127.0.0.1:9760
2020-03-25 20:17:57,118 [XNIO-1 task-5] INFO  [o.s.c.c.client.ConfigServicePropertySourceLocator] ConfigServicePropertySourceLocator.java:151 - Located environment: name=admin, profiles=[native], label=null, version=null, state=null
2020-03-25 20:21:12,758 [Thread-10] INFO  [o.s.c.n.e.serviceregistry.EurekaServiceRegistry] EurekaServiceRegistry.java:65 - Unregistering application ADMIN with eureka with status DOWN
2020-03-25 20:21:12,759 [Thread-10] WARN  [com.netflix.discovery.DiscoveryClient] DiscoveryClient.java:1321 - Saw local status change event StatusChangeEvent [timestamp=1585138872759, current=DOWN, previous=UP]
2020-03-25 20:21:12,775 [DiscoveryClient-InstanceInfoReplicator-0] INFO  [com.netflix.discovery.DiscoveryClient] DiscoveryClient.java:844 - DiscoveryClient_ADMIN/AUTOBVT-SMVSLG2:admin:9764: registering service...
2020-03-25 20:21:12,789 [DiscoveryClient-InstanceInfoReplicator-0] INFO  [com.netflix.discovery.DiscoveryClient] DiscoveryClient.java:853 - DiscoveryClient_ADMIN/AUTOBVT-SMVSLG2:admin:9764 - registration status: 204
2020-03-25 20:21:13,139 [Thread-10] INFO  [o.s.a.r.listener.SimpleMessageListenerContainer] SimpleMessageListenerContainer.java:591 - Waiting for workers to finish.
2020-03-25 20:21:13,586 [Thread-10] INFO  [o.s.a.r.listener.SimpleMessageListenerContainer] SimpleMessageListenerContainer.java:594 - Successfully waited for workers to finish.
2020-03-25 20:21:13,586 [Thread-10] INFO  [o.s.i.amqp.inbound.AmqpInboundChannelAdapter] AbstractEndpoint.java:176 - stopped inbound.springCloudBus.anonymous.nkfsD8_XSM-k_CWEHnOoYg
2020-03-25 20:21:13,590 [Thread-10] INFO  [o.s.cloud.stream.binder.BinderErrorChannel] AbstractSubscribableChannel.java:64 - Channel 'admin-1.springCloudBus.anonymous.nkfsD8_XSM-k_CWEHnOoYg.errors' has 1 subscriber(s).
2020-03-25 20:21:13,592 [Thread-10] INFO  [o.s.cloud.stream.binder.BinderErrorChannel] AbstractSubscribableChannel.java:64 - Channel 'admin-1.springCloudBus.anonymous.nkfsD8_XSM-k_CWEHnOoYg.errors' has 0 subscriber(s).
2020-03-25 20:21:13,597 [Thread-10] INFO  [o.s.integration.endpoint.EventDrivenConsumer] EventDrivenConsumer.java:107 - Removing {logging-channel-adapter:_org.springframework.integration.errorLogger} as a subscriber to the 'errorChannel' channel
2020-03-25 20:21:13,598 [Thread-10] INFO  [o.s.integration.channel.PublishSubscribeChannel] AbstractSubscribableChannel.java:64 - Channel 'admin-1.errorChannel' has 0 subscriber(s).
2020-03-25 20:21:13,599 [Thread-10] INFO  [o.s.integration.endpoint.EventDrivenConsumer] AbstractEndpoint.java:193 - stopped _org.springframework.integration.errorLogger
2020-03-25 20:21:16,882 [Thread-10] INFO  [o.s.scheduling.concurrent.ThreadPoolTaskExecutor] ExecutorConfigurationSupport.java:208 - Shutting down ExecutorService 'applicationTaskExecutor'
2020-03-25 20:21:17,071 [Thread-10] INFO  [o.s.scheduling.concurrent.ThreadPoolTaskScheduler] ExecutorConfigurationSupport.java:208 - Shutting down ExecutorService 'taskScheduler'
2020-03-25 20:21:17,092 [Thread-10] INFO  [o.s.integration.monitor.IntegrationMBeanExporter] IntegrationMBeanExporter.java:495 - Summary on shutdown: nullChannel
2020-03-25 20:21:17,092 [Thread-10] INFO  [o.s.integration.monitor.IntegrationMBeanExporter] IntegrationMBeanExporter.java:495 - Summary on shutdown: springCloudBus.anonymous.nkfsD8_XSM-k_CWEHnOoYg.errors
2020-03-25 20:21:17,092 [Thread-10] INFO  [o.s.integration.monitor.IntegrationMBeanExporter] IntegrationMBeanExporter.java:495 - Summary on shutdown: springCloudBusOutput
2020-03-25 20:21:17,093 [Thread-10] INFO  [o.s.integration.monitor.IntegrationMBeanExporter] IntegrationMBeanExporter.java:495 - Summary on shutdown: springCloudBusInput
2020-03-25 20:21:17,093 [Thread-10] INFO  [o.s.integration.monitor.IntegrationMBeanExporter] IntegrationMBeanExporter.java:495 - Summary on shutdown: errorChannel
2020-03-25 20:21:17,093 [Thread-10] INFO  [o.s.integration.monitor.IntegrationMBeanExporter] IntegrationMBeanExporter.java:498 - Summary on shutdown: _org.springframework.integration.errorLogger.handler
2020-03-25 20:21:17,094 [Thread-10] INFO  [o.s.integration.monitor.IntegrationMBeanExporter] IntegrationMBeanExporter.java:498 - Summary on shutdown: org.springframework.cloud.stream.binding.StreamListenerMessageHandler@656672fb
2020-03-25 20:21:17,095 [Thread-10] INFO  [com.netflix.discovery.DiscoveryClient] DiscoveryClient.java:906 - Shutting down DiscoveryClient ...
2020-03-25 20:21:19,377 [DiscoveryClient-CacheRefreshExecutor-0] ERROR [com.netflix.discovery.DiscoveryClient] DiscoveryClient.java:1519 - Cannot fetch registry from server
org.springframework.beans.factory.BeanCreationNotAllowedException: Error creating bean with name 'instanceDiscoveryListener': Singleton bean creation not allowed while singletons of this factory are in destruction (Do not request a bean from a BeanFactory in a destroy method implementation!)
	at org.springframework.beans.factory.support.DefaultSingletonBeanRegistry.getSingleton(DefaultSingletonBeanRegistry.java:208)
	at org.springframework.beans.factory.support.AbstractBeanFactory.doGetBean(AbstractBeanFactory.java:318)
	at org.springframework.beans.factory.support.AbstractBeanFactory.getBean(AbstractBeanFactory.java:199)
	at org.springframework.context.support.AbstractApplicationContext.getBean(AbstractApplicationContext.java:1105)
	at org.springframework.context.event.ApplicationListenerMethodAdapter.getTargetBean(ApplicationListenerMethodAdapter.java:288)
	at org.springframework.context.event.ApplicationListenerMethodAdapter.doInvoke(ApplicationListenerMethodAdapter.java:258)
	at org.springframework.context.event.ApplicationListenerMethodAdapter.processEvent(ApplicationListenerMethodAdapter.java:179)
	at org.springframework.context.event.ApplicationListenerMethodAdapter.onApplicationEvent(ApplicationListenerMethodAdapter.java:142)
	at org.springframework.context.event.SimpleApplicationEventMulticaster.doInvokeListener(SimpleApplicationEventMulticaster.java:172)
	at org.springframework.context.event.SimpleApplicationEventMulticaster.invokeListener(SimpleApplicationEventMulticaster.java:165)
	at org.springframework.context.event.SimpleApplicationEventMulticaster.multicastEvent(SimpleApplicationEventMulticaster.java:139)
	at org.springframework.context.support.AbstractApplicationContext.publishEvent(AbstractApplicationContext.java:402)
	at org.springframework.context.support.AbstractApplicationContext.publishEvent(AbstractApplicationContext.java:359)
	at org.springframework.cloud.netflix.eureka.CloudEurekaClient.onCacheRefreshed(CloudEurekaClient.java:123)
	at com.netflix.discovery.DiscoveryClient.fetchRegistry(DiscoveryClient.java:999)
	at com.netflix.discovery.DiscoveryClient.refreshRegistry(DiscoveryClient.java:1497)
	at com.netflix.discovery.DiscoveryClient$CacheRefreshThread.run(DiscoveryClient.java:1464)
	at java.util.concurrent.Executors$RunnableAdapter.call(Executors.java:511)
	at java.util.concurrent.FutureTask.run$$$capture(FutureTask.java:266)
	at java.util.concurrent.FutureTask.run(FutureTask.java)
	at java.util.concurrent.ThreadPoolExecutor.runWorker(ThreadPoolExecutor.java:1142)
	at java.util.concurrent.ThreadPoolExecutor$Worker.run(ThreadPoolExecutor.java:617)
	at java.lang.Thread.run(Thread.java:745)
2020-03-25 20:21:20,097 [Thread-10] INFO  [com.netflix.discovery.DiscoveryClient] DiscoveryClient.java:940 - Unregistering ...
2020-03-25 20:21:20,142 [Thread-10] INFO  [com.netflix.discovery.DiscoveryClient] DiscoveryClient.java:942 - DiscoveryClient_ADMIN/AUTOBVT-SMVSLG2:admin:9764 - deregister  status: 200
2020-03-25 20:21:20,390 [Thread-10] INFO  [com.netflix.discovery.DiscoveryClient] DiscoveryClient.java:929 - Completed shut down of DiscoveryClient
2020-03-25 20:21:20,396 [Thread-10] INFO  [io.undertow.servlet] ServletContextImpl.java:364 - Destroying Spring FrameworkServlet 'dispatcherServlet'
