2020-03-30 22:06:27,837 [main] INFO  [o.s.c.s.PostProcessorRegistrationDelegate$BeanPostProcessorChecker] PostProcessorRegistrationDelegate.java:330 - Bean 'org.springframework.cloud.autoconfigure.ConfigurationPropertiesRebinderAutoConfiguration' of type [org.springframework.cloud.autoconfigure.ConfigurationPropertiesRebinderAutoConfiguration$$EnhancerBySpringCGLIB$$f708230c] is not eligible for getting processed by all BeanPostProcessors (for example: not eligible for auto-proxying)
2020-03-30 22:06:28,429 [main] INFO  [o.s.c.c.client.ConfigServicePropertySourceLocator] ConfigServicePropertySourceLocator.java:188 - Multiple Config Server Urls found listed.
2020-03-30 22:06:28,431 [main] INFO  [o.s.c.c.client.ConfigServicePropertySourceLocator] ConfigServicePropertySourceLocator.java:207 - Fetching config from server at : http://127.0.0.1:9762
2020-03-30 22:06:29,844 [main] INFO  [o.s.c.c.client.ConfigServicePropertySourceLocator] ConfigServicePropertySourceLocator.java:230 - Connect Timeout Exception on Url - http://127.0.0.1:9762. Will be trying the next url if available
2020-03-30 22:06:29,848 [main] INFO  [o.s.c.c.client.ConfigServicePropertySourceLocator] ConfigServicePropertySourceLocator.java:207 - Fetching config from server at : http://127.0.0.1:9760
2020-03-30 22:06:30,906 [main] INFO  [o.s.c.c.client.ConfigServicePropertySourceLocator] ConfigServicePropertySourceLocator.java:151 - Located environment: name=register, profiles=[native], label=null, version=null, state=null
2020-03-30 22:06:30,907 [main] INFO  [o.s.c.b.c.PropertySourceBootstrapConfiguration] PropertySourceBootstrapConfiguration.java:101 - Located property source: CompositePropertySource {name='configService', propertySources=[MapPropertySource {name='classpath:/native-config/register-native.yml'}, MapPropertySource {name='classpath:/native-config/application-native.yml'}]}
2020-03-30 22:06:30,919 [main] INFO  [com.zhupeng.minor.register.RegisterApplication] SpringApplication.java:652 - The following profiles are active: native
2020-03-30 22:06:32,393 [main] WARN  [o.springframework.boot.actuate.endpoint.EndpointId] EndpointId.java:131 - Endpoint ID 'bus-env' contains invalid characters, please migrate to a valid format.
2020-03-30 22:06:33,224 [main] WARN  [o.springframework.boot.actuate.endpoint.EndpointId] EndpointId.java:131 - Endpoint ID 'bus-refresh' contains invalid characters, please migrate to a valid format.
2020-03-30 22:06:33,341 [main] WARN  [o.springframework.boot.actuate.endpoint.EndpointId] EndpointId.java:131 - Endpoint ID 'service-registry' contains invalid characters, please migrate to a valid format.
2020-03-30 22:06:34,235 [main] INFO  [o.springframework.cloud.context.scope.GenericScope] GenericScope.java:295 - BeanFactory id=3c6fa3c6-f33f-3c26-b5e9-4a04cf6132b9
2020-03-30 22:06:34,256 [main] INFO  [o.s.i.c.DefaultConfiguringBeanFactoryPostProcessor] DefaultConfiguringBeanFactoryPostProcessor.java:193 - No bean named 'errorChannel' has been explicitly defined. Therefore, a default PublishSubscribeChannel will be created.
2020-03-30 22:06:34,269 [main] INFO  [o.s.i.c.DefaultConfiguringBeanFactoryPostProcessor] DefaultConfiguringBeanFactoryPostProcessor.java:280 - No bean named 'taskScheduler' has been explicitly defined. Therefore, a default ThreadPoolTaskScheduler will be created.
2020-03-30 22:06:34,284 [main] INFO  [o.s.i.c.DefaultConfiguringBeanFactoryPostProcessor] DefaultConfiguringBeanFactoryPostProcessor.java:431 - No bean named 'integrationHeaderChannelRegistry' has been explicitly defined. Therefore, a default DefaultHeaderChannelRegistry will be created.
2020-03-30 22:06:34,916 [main] INFO  [o.s.c.s.PostProcessorRegistrationDelegate$BeanPostProcessorChecker] PostProcessorRegistrationDelegate.java:330 - Bean 'integrationDisposableAutoCreatedBeans' of type [org.springframework.integration.config.annotation.Disposables] is not eligible for getting processed by all BeanPostProcessors (for example: not eligible for auto-proxying)
2020-03-30 22:06:34,973 [main] INFO  [o.s.c.s.PostProcessorRegistrationDelegate$BeanPostProcessorChecker] PostProcessorRegistrationDelegate.java:330 - Bean 'org.springframework.integration.config.IntegrationManagementConfiguration' of type [org.springframework.integration.config.IntegrationManagementConfiguration$$EnhancerBySpringCGLIB$$45dfdb3e] is not eligible for getting processed by all BeanPostProcessors (for example: not eligible for auto-proxying)
2020-03-30 22:06:34,997 [main] INFO  [o.s.c.s.PostProcessorRegistrationDelegate$BeanPostProcessorChecker] PostProcessorRegistrationDelegate.java:330 - Bean 'org.springframework.boot.autoconfigure.integration.IntegrationAutoConfiguration$IntegrationJmxConfiguration' of type [org.springframework.boot.autoconfigure.integration.IntegrationAutoConfiguration$IntegrationJmxConfiguration$$EnhancerBySpringCGLIB$$2171e65e] is not eligible for getting processed by all BeanPostProcessors (for example: not eligible for auto-proxying)
2020-03-30 22:06:35,023 [main] INFO  [o.s.c.s.PostProcessorRegistrationDelegate$BeanPostProcessorChecker] PostProcessorRegistrationDelegate.java:330 - Bean 'org.springframework.boot.autoconfigure.jmx.JmxAutoConfiguration' of type [org.springframework.boot.autoconfigure.jmx.JmxAutoConfiguration$$EnhancerBySpringCGLIB$$5a598f2b] is not eligible for getting processed by all BeanPostProcessors (for example: not eligible for auto-proxying)
2020-03-30 22:06:35,040 [main] INFO  [o.s.c.s.PostProcessorRegistrationDelegate$BeanPostProcessorChecker] PostProcessorRegistrationDelegate.java:330 - Bean 'mbeanServer' of type [com.sun.jmx.mbeanserver.JmxMBeanServer] is not eligible for getting processed by all BeanPostProcessors (for example: not eligible for auto-proxying)
2020-03-30 22:06:35,069 [main] INFO  [o.s.c.s.PostProcessorRegistrationDelegate$BeanPostProcessorChecker] PostProcessorRegistrationDelegate.java:330 - Bean 'org.springframework.cloud.autoconfigure.ConfigurationPropertiesRebinderAutoConfiguration' of type [org.springframework.cloud.autoconfigure.ConfigurationPropertiesRebinderAutoConfiguration$$EnhancerBySpringCGLIB$$f708230c] is not eligible for getting processed by all BeanPostProcessors (for example: not eligible for auto-proxying)
2020-03-30 22:06:35,838 [main] WARN  [io.undertow.websockets.jsr] Bootstrap.java:68 - UT026010: Buffer pool was not set on WebSocketDeploymentInfo, the default pool will be used
2020-03-30 22:06:35,888 [main] INFO  [io.undertow.servlet] ServletContextImpl.java:364 - Initializing Spring embedded WebApplicationContext
2020-03-30 22:06:35,889 [main] INFO  [org.springframework.web.context.ContextLoader] ServletWebServerApplicationContext.java:284 - Root WebApplicationContext: initialization completed in 4922 ms
2020-03-30 22:06:36,178 [main] WARN  [com.netflix.config.sources.URLConfigurationSource] URLConfigurationSource.java:121 - No URLs will be polled as dynamic configuration sources.
2020-03-30 22:06:36,179 [main] INFO  [com.netflix.config.sources.URLConfigurationSource] URLConfigurationSource.java:122 - To enable URLs as dynamic configuration sources, define System property archaius.configurationSource.additionalUrls or make config.properties available on classpath.
2020-03-30 22:06:36,206 [main] INFO  [com.netflix.config.DynamicPropertyFactory] DynamicPropertyFactory.java:281 - DynamicPropertyFactory is initialized with configuration sources: com.netflix.config.ConcurrentCompositeConfiguration@5be51aa
2020-03-30 22:06:38,266 [main] INFO  [o.s.scheduling.concurrent.ThreadPoolTaskScheduler] ExecutorConfigurationSupport.java:171 - Initializing ExecutorService 'taskScheduler'
2020-03-30 22:06:38,657 [main] INFO  [o.s.b.a.endpoint.web.ServletEndpointRegistrar] ServletEndpointRegistrar.java:74 - Registered '/actuator/jolokia' to jolokia-actuator-endpoint
2020-03-30 22:06:39,455 [main] INFO  [o.s.security.web.DefaultSecurityFilterChain] DefaultSecurityFilterChain.java:43 - Creating filter chain: any request, [org.springframework.security.web.context.request.async.WebAsyncManagerIntegrationFilter@2c0a3826, org.springframework.security.web.context.SecurityContextPersistenceFilter@3c62be3c, org.springframework.security.web.header.HeaderWriterFilter@543ac221, org.springframework.security.web.authentication.logout.LogoutFilter@7e94de5f, org.springframework.security.web.authentication.www.BasicAuthenticationFilter@45f8415b, org.springframework.security.web.savedrequest.RequestCacheAwareFilter@70ce2fb2, org.springframework.security.web.servletapi.SecurityContextHolderAwareRequestFilter@5e055ce1, org.springframework.security.web.authentication.AnonymousAuthenticationFilter@4af0c50, org.springframework.security.web.session.SessionManagementFilter@33fec21, org.springframework.security.web.access.ExceptionTranslationFilter@3a69014e, org.springframework.security.web.access.intercept.FilterSecurityInterceptor@1c8e2850]
2020-03-30 22:06:39,481 [main] WARN  [com.netflix.config.sources.URLConfigurationSource] URLConfigurationSource.java:121 - No URLs will be polled as dynamic configuration sources.
2020-03-30 22:06:39,481 [main] INFO  [com.netflix.config.sources.URLConfigurationSource] URLConfigurationSource.java:122 - To enable URLs as dynamic configuration sources, define System property archaius.configurationSource.additionalUrls or make config.properties available on classpath.
2020-03-30 22:06:39,697 [main] INFO  [o.s.scheduling.concurrent.ThreadPoolTaskExecutor] ExecutorConfigurationSupport.java:171 - Initializing ExecutorService 'applicationTaskExecutor'
2020-03-30 22:06:41,554 [main] INFO  [o.s.cloud.netflix.eureka.InstanceInfoFactory] InstanceInfoFactory.java:72 - Setting initial instance status as: STARTING
2020-03-30 22:06:41,623 [main] INFO  [com.netflix.discovery.DiscoveryClient] DiscoveryClient.java:365 - Initializing Eureka in region us-east-1
2020-03-30 22:06:42,209 [main] INFO  [c.n.discovery.provider.DiscoveryJerseyProvider] DiscoveryJerseyProvider.java:70 - Using JSON encoding codec LegacyJacksonJson
2020-03-30 22:06:42,209 [main] INFO  [c.n.discovery.provider.DiscoveryJerseyProvider] DiscoveryJerseyProvider.java:71 - Using JSON decoding codec LegacyJacksonJson
2020-03-30 22:06:42,210 [main] INFO  [c.n.discovery.provider.DiscoveryJerseyProvider] DiscoveryJerseyProvider.java:80 - Using XML encoding codec XStreamXml
2020-03-30 22:06:42,211 [main] INFO  [c.n.discovery.provider.DiscoveryJerseyProvider] DiscoveryJerseyProvider.java:81 - Using XML decoding codec XStreamXml
2020-03-30 22:06:42,691 [main] INFO  [c.n.d.shared.resolver.aws.ConfigClusterResolver] ConfigClusterResolver.java:43 - Resolving eureka endpoints via configuration
2020-03-30 22:06:42,843 [main] INFO  [com.netflix.discovery.DiscoveryClient] DiscoveryClient.java:1288 - Starting heartbeat executor: renew interval is: 30
2020-03-30 22:06:42,848 [main] INFO  [com.netflix.discovery.InstanceInfoReplicator] InstanceInfoReplicator.java:60 - InstanceInfoReplicator onDemand update allowed rate per min is 4
2020-03-30 22:06:42,856 [main] INFO  [com.netflix.discovery.DiscoveryClient] DiscoveryClient.java:465 - Discovery Client initialized at timestamp 1585577202854 with initial instances count: 0
2020-03-30 22:06:42,980 [main] INFO  [com.netflix.eureka.DefaultEurekaServerContext] DefaultEurekaServerContext.java:63 - Initializing ...
2020-03-30 22:06:42,982 [main] INFO  [com.netflix.eureka.cluster.PeerEurekaNodes] PeerEurekaNodes.java:187 - Adding new peer nodes [http://admin:zhupeng@localhost:9761/eureka/]
2020-03-30 22:06:42,990 [main] INFO  [c.n.discovery.provider.DiscoveryJerseyProvider] DiscoveryJerseyProvider.java:70 - Using JSON encoding codec LegacyJacksonJson
2020-03-30 22:06:42,991 [main] INFO  [c.n.discovery.provider.DiscoveryJerseyProvider] DiscoveryJerseyProvider.java:71 - Using JSON decoding codec LegacyJacksonJson
2020-03-30 22:06:42,991 [main] INFO  [c.n.discovery.provider.DiscoveryJerseyProvider] DiscoveryJerseyProvider.java:80 - Using XML encoding codec XStreamXml
2020-03-30 22:06:42,992 [main] INFO  [c.n.discovery.provider.DiscoveryJerseyProvider] DiscoveryJerseyProvider.java:81 - Using XML decoding codec XStreamXml
2020-03-30 22:06:43,379 [main] INFO  [com.netflix.eureka.cluster.PeerEurekaNodes] PeerEurekaNodes.java:109 - Replica node URL:  http://admin:zhupeng@localhost:9761/eureka/
2020-03-30 22:06:43,423 [main] INFO  [c.netflix.eureka.registry.AbstractInstanceRegistry] AbstractInstanceRegistry.java:151 - Finished initializing remote region registries. All known remote regions: []
2020-03-30 22:06:43,426 [main] INFO  [com.netflix.eureka.DefaultEurekaServerContext] DefaultEurekaServerContext.java:70 - Initialized
2020-03-30 22:06:43,469 [main] INFO  [o.s.b.actuate.endpoint.web.EndpointLinksResolver] EndpointLinksResolver.java:58 - Exposing 25 endpoint(s) beneath base path '/actuator'
2020-03-30 22:06:43,763 [main] INFO  [o.s.c.stream.messaging.DirectWithAttributesChannel] AbstractSubscribableChannel.java:64 - Channel 'register-1.springCloudBusInput' has 1 subscriber(s).
2020-03-30 22:06:44,215 [main] INFO  [o.s.integration.monitor.IntegrationMBeanExporter] IntegrationMBeanExporter.java:767 - Registering MessageChannel springCloudBusOutput
2020-03-30 22:06:44,451 [main] INFO  [o.s.integration.monitor.IntegrationMBeanExporter] IntegrationMBeanExporter.java:767 - Registering MessageChannel nullChannel
2020-03-30 22:06:44,505 [main] INFO  [o.s.integration.monitor.IntegrationMBeanExporter] IntegrationMBeanExporter.java:767 - Registering MessageChannel springCloudBusInput
2020-03-30 22:06:44,529 [main] INFO  [o.s.integration.monitor.IntegrationMBeanExporter] IntegrationMBeanExporter.java:767 - Registering MessageChannel errorChannel
2020-03-30 22:06:44,662 [main] INFO  [o.s.integration.monitor.IntegrationMBeanExporter] IntegrationMBeanExporter.java:785 - Registering MessageHandler errorLogger
2020-03-30 22:06:44,730 [main] INFO  [o.s.integration.monitor.IntegrationMBeanExporter] IntegrationMBeanExporter.java:785 - Registering MessageHandler org.springframework.cloud.stream.binding.StreamListenerMessageHandler@619b7436
2020-03-30 22:06:45,064 [main] INFO  [o.s.integration.endpoint.EventDrivenConsumer] EventDrivenConsumer.java:107 - Adding {logging-channel-adapter:_org.springframework.integration.errorLogger} as a subscriber to the 'errorChannel' channel
2020-03-30 22:06:45,065 [main] INFO  [o.s.integration.channel.PublishSubscribeChannel] AbstractSubscribableChannel.java:64 - Channel 'register-1.errorChannel' has 1 subscriber(s).
2020-03-30 22:06:45,066 [main] INFO  [o.s.integration.endpoint.EventDrivenConsumer] AbstractEndpoint.java:159 - started _org.springframework.integration.errorLogger
2020-03-30 22:06:45,466 [main] INFO  [o.s.c.c.client.ConfigServicePropertySourceLocator] ConfigServicePropertySourceLocator.java:188 - Multiple Config Server Urls found listed.
2020-03-30 22:06:45,467 [main] INFO  [o.s.c.c.client.ConfigServicePropertySourceLocator] ConfigServicePropertySourceLocator.java:207 - Fetching config from server at : http://127.0.0.1:9762
2020-03-30 22:06:46,487 [main] INFO  [o.s.c.c.client.ConfigServicePropertySourceLocator] ConfigServicePropertySourceLocator.java:230 - Connect Timeout Exception on Url - http://127.0.0.1:9762. Will be trying the next url if available
2020-03-30 22:06:46,488 [main] INFO  [o.s.c.c.client.ConfigServicePropertySourceLocator] ConfigServicePropertySourceLocator.java:207 - Fetching config from server at : http://127.0.0.1:9760
2020-03-30 22:06:46,883 [main] INFO  [o.s.c.c.client.ConfigServicePropertySourceLocator] ConfigServicePropertySourceLocator.java:151 - Located environment: name=register, profiles=[native], label=null, version=null, state=null
2020-03-30 22:06:46,884 [main] INFO  [o.s.c.b.c.PropertySourceBootstrapConfiguration] PropertySourceBootstrapConfiguration.java:101 - Located property source: CompositePropertySource {name='configService', propertySources=[MapPropertySource {name='classpath:/native-config/register-native.yml'}, MapPropertySource {name='classpath:/native-config/application-native.yml'}]}
2020-03-30 22:06:47,409 [main] INFO  [o.s.a.rabbit.connection.CachingConnectionFactory] AbstractConnectionFactory.java:482 - Attempting to connect to: [127.0.0.1:5672]
2020-03-30 22:06:47,470 [main] INFO  [o.s.a.rabbit.connection.CachingConnectionFactory] AbstractConnectionFactory.java:517 - Created new connection: rabbitConnectionFactory#6e794f53:0/SimpleConnection@19a4cdea [delegate=amqp://guest@127.0.0.1:5672/, localPort= 51109]
2020-03-30 22:06:47,536 [main] INFO  [o.s.c.stream.messaging.DirectWithAttributesChannel] AbstractSubscribableChannel.java:64 - Channel 'register-1.springCloudBusOutput' has 1 subscriber(s).
2020-03-30 22:06:47,546 [main] INFO  [o.s.c.n.e.serviceregistry.EurekaServiceRegistry] EurekaServiceRegistry.java:41 - Registering application REGISTER with eureka with status UP
2020-03-30 22:06:47,548 [main] INFO  [com.netflix.discovery.DiscoveryClient] DiscoveryClient.java:1323 - Saw local status change event StatusChangeEvent [timestamp=1585577207548, current=UP, previous=STARTING]
2020-03-30 22:06:47,552 [DiscoveryClient-InstanceInfoReplicator-0] INFO  [com.netflix.discovery.DiscoveryClient] DiscoveryClient.java:844 - DiscoveryClient_REGISTER/SD-20181223DEXT:register:9761: registering service...
2020-03-30 22:06:47,556 [Thread-54] INFO  [o.s.c.netflix.eureka.server.EurekaServerBootstrap] EurekaServerBootstrap.java:110 - Setting the eureka configuration..
2020-03-30 22:06:47,557 [Thread-54] INFO  [o.s.c.netflix.eureka.server.EurekaServerBootstrap] EurekaServerBootstrap.java:115 - Eureka data center value eureka.datacenter is not set, defaulting to default
2020-03-30 22:06:47,559 [Thread-54] INFO  [o.s.c.netflix.eureka.server.EurekaServerBootstrap] EurekaServerBootstrap.java:129 - Eureka environment value eureka.environment is not set, defaulting to test
2020-03-30 22:06:47,599 [Thread-54] INFO  [o.s.c.netflix.eureka.server.EurekaServerBootstrap] EurekaServerBootstrap.java:188 - isAws returned false
2020-03-30 22:06:47,601 [Thread-54] INFO  [o.s.c.netflix.eureka.server.EurekaServerBootstrap] EurekaServerBootstrap.java:153 - Initialized server context
2020-03-30 22:06:47,657 [main] INFO  [o.s.c.s.b.r.p.RabbitExchangeQueueProvisioner] RabbitExchangeQueueProvisioner.java:168 - declaring queue for inbound: springCloudBus.anonymous.kGdZcc6HTPaqcGixVE8kIQ, bound to: springCloudBus
2020-03-30 22:06:47,729 [main] INFO  [o.s.integration.monitor.IntegrationMBeanExporter] IntegrationMBeanExporter.java:767 - Registering MessageChannel springCloudBus.anonymous.kGdZcc6HTPaqcGixVE8kIQ.errors
2020-03-30 22:06:47,937 [main] INFO  [o.s.cloud.stream.binder.BinderErrorChannel] AbstractSubscribableChannel.java:64 - Channel 'register-1.springCloudBus.anonymous.kGdZcc6HTPaqcGixVE8kIQ.errors' has 1 subscriber(s).
2020-03-30 22:06:47,938 [main] INFO  [o.s.cloud.stream.binder.BinderErrorChannel] AbstractSubscribableChannel.java:64 - Channel 'register-1.springCloudBus.anonymous.kGdZcc6HTPaqcGixVE8kIQ.errors' has 2 subscriber(s).
2020-03-30 22:06:47,974 [main] INFO  [o.s.i.amqp.inbound.AmqpInboundChannelAdapter] AbstractEndpoint.java:159 - started inbound.springCloudBus.anonymous.kGdZcc6HTPaqcGixVE8kIQ
2020-03-30 22:06:48,147 [main] INFO  [c.s.j.server.impl.application.WebApplicationImpl] WebApplicationImpl.java:815 - Initiating Jersey application, version 'Jersey: 1.19.1 03/11/2016 02:08 PM'
2020-03-30 22:06:48,223 [main] INFO  [c.n.discovery.provider.DiscoveryJerseyProvider] DiscoveryJerseyProvider.java:70 - Using JSON encoding codec LegacyJacksonJson
2020-03-30 22:06:48,224 [main] INFO  [c.n.discovery.provider.DiscoveryJerseyProvider] DiscoveryJerseyProvider.java:71 - Using JSON decoding codec LegacyJacksonJson
2020-03-30 22:06:48,224 [main] INFO  [c.n.discovery.provider.DiscoveryJerseyProvider] DiscoveryJerseyProvider.java:80 - Using XML encoding codec XStreamXml
2020-03-30 22:06:48,224 [main] INFO  [c.n.discovery.provider.DiscoveryJerseyProvider] DiscoveryJerseyProvider.java:81 - Using XML decoding codec XStreamXml
2020-03-30 22:06:49,492 [main] INFO  [org.xnio] Xnio.java:104 - XNIO version 3.3.8.Final
2020-03-30 22:06:49,513 [main] INFO  [org.xnio.nio] NioXnio.java:55 - XNIO NIO Implementation Version 3.3.8.Final
2020-03-30 22:06:49,618 [main] INFO  [o.s.b.w.embedded.undertow.UndertowServletWebServer] UndertowServletWebServer.java:144 - Undertow started on port(s) 9761 (http) with context path ''
2020-03-30 22:06:49,619 [main] INFO  [o.s.c.n.e.s.EurekaAutoServiceRegistration] EurekaAutoServiceRegistration.java:145 - Updating port to 9761
2020-03-30 22:06:49,816 [main] INFO  [com.zhupeng.minor.register.RegisterApplication] StartupInfoLogger.java:59 - Started RegisterApplication in 26.989 seconds (JVM running for 30.941)
2020-03-30 22:06:49,822 [main] INFO  [com.zhupeng.minor.register.RegisterApplication] RegisterApplication.java:20 - 注册中心启动完成！
2020-03-30 22:06:50,018 [XNIO-1 task-1] INFO  [io.undertow.servlet] ServletContextImpl.java:364 - Initializing Spring DispatcherServlet 'dispatcherServlet'
2020-03-30 22:06:50,019 [XNIO-1 task-1] INFO  [org.springframework.web.servlet.DispatcherServlet] FrameworkServlet.java:525 - Initializing Servlet 'dispatcherServlet'
2020-03-30 22:06:50,043 [XNIO-1 task-1] INFO  [org.springframework.web.servlet.DispatcherServlet] FrameworkServlet.java:547 - Completed initialization in 23 ms
2020-03-30 22:06:50,890 [RMI TCP Connection(4)-192.168.50.101] INFO  [o.s.c.c.client.ConfigServicePropertySourceLocator] ConfigServicePropertySourceLocator.java:188 - Multiple Config Server Urls found listed.
2020-03-30 22:06:50,890 [RMI TCP Connection(4)-192.168.50.101] INFO  [o.s.c.c.client.ConfigServicePropertySourceLocator] ConfigServicePropertySourceLocator.java:207 - Fetching config from server at : http://127.0.0.1:9762
2020-03-30 22:06:51,152 [XNIO-1 task-1] INFO  [c.netflix.eureka.registry.AbstractInstanceRegistry] AbstractInstanceRegistry.java:266 - Registered instance REGISTER/SD-20181223DEXT:register:9761 with status UP (replication=false)
2020-03-30 22:06:51,238 [DiscoveryClient-InstanceInfoReplicator-0] INFO  [com.netflix.discovery.DiscoveryClient] DiscoveryClient.java:853 - DiscoveryClient_REGISTER/SD-20181223DEXT:register:9761 - registration status: 204
2020-03-30 22:06:51,880 [XNIO-1 task-3] INFO  [c.netflix.eureka.registry.AbstractInstanceRegistry] AbstractInstanceRegistry.java:266 - Registered instance REGISTER/SD-20181223DEXT:register:9761 with status UP (replication=true)
2020-03-30 22:06:51,920 [RMI TCP Connection(4)-192.168.50.101] INFO  [o.s.c.c.client.ConfigServicePropertySourceLocator] ConfigServicePropertySourceLocator.java:230 - Connect Timeout Exception on Url - http://127.0.0.1:9762. Will be trying the next url if available
2020-03-30 22:06:51,921 [RMI TCP Connection(4)-192.168.50.101] INFO  [o.s.c.c.client.ConfigServicePropertySourceLocator] ConfigServicePropertySourceLocator.java:207 - Fetching config from server at : http://127.0.0.1:9760
2020-03-30 22:06:52,267 [RMI TCP Connection(4)-192.168.50.101] INFO  [o.s.c.c.client.ConfigServicePropertySourceLocator] ConfigServicePropertySourceLocator.java:151 - Located environment: name=register, profiles=[native], label=null, version=null, state=null
2020-03-30 22:06:53,452 [XNIO-1 task-4] WARN  [c.netflix.eureka.registry.AbstractInstanceRegistry] AbstractInstanceRegistry.java:353 - DS: Registry: lease doesn't exist, registering resource: CONFIG - SD-20181223DEXT:config:9760
2020-03-30 22:06:53,453 [XNIO-1 task-4] WARN  [com.netflix.eureka.resources.InstanceResource] InstanceResource.java:116 - Not Found (Renew): CONFIG - SD-20181223DEXT:config:9760
2020-03-30 22:06:53,479 [XNIO-1 task-5] INFO  [c.netflix.eureka.registry.AbstractInstanceRegistry] AbstractInstanceRegistry.java:266 - Registered instance CONFIG/SD-20181223DEXT:config:9760 with status UP (replication=false)
2020-03-30 22:06:54,002 [XNIO-1 task-6] INFO  [c.netflix.eureka.registry.AbstractInstanceRegistry] AbstractInstanceRegistry.java:266 - Registered instance CONFIG/SD-20181223DEXT:config:9760 with status UP (replication=true)
2020-03-30 22:07:58,485 [XNIO-1 task-10] INFO  [c.netflix.eureka.registry.AbstractInstanceRegistry] AbstractInstanceRegistry.java:266 - Registered instance MOBILE-USER/SD-20181223DEXT:mobile-user:9763 with status UP (replication=false)
2020-03-30 22:07:59,025 [XNIO-1 task-11] INFO  [c.netflix.eureka.registry.AbstractInstanceRegistry] AbstractInstanceRegistry.java:266 - Registered instance MOBILE-USER/SD-20181223DEXT:mobile-user:9763 with status UP (replication=true)
2020-03-30 22:08:08,802 [XNIO-1 task-22] INFO  [c.netflix.eureka.registry.AbstractInstanceRegistry] AbstractInstanceRegistry.java:266 - Registered instance PC-USER/SD-20181223DEXT:pc-user:9765 with status UP (replication=false)
2020-03-30 22:08:08,881 [XNIO-1 task-23] INFO  [c.netflix.eureka.registry.AbstractInstanceRegistry] AbstractInstanceRegistry.java:266 - Registered instance PC-USER/SD-20181223DEXT:pc-user:9765 with status UP (replication=true)
2020-03-30 22:08:47,605 [Thread-54] INFO  [c.n.eureka.registry.PeerAwareInstanceRegistryImpl] PeerAwareInstanceRegistryImpl.java:241 - Got 1 instances from neighboring DS node
2020-03-30 22:08:47,606 [Thread-54] INFO  [c.n.eureka.registry.PeerAwareInstanceRegistryImpl] PeerAwareInstanceRegistryImpl.java:242 - Renew threshold is: 1
2020-03-30 22:08:47,606 [Thread-54] INFO  [c.n.eureka.registry.PeerAwareInstanceRegistryImpl] PeerAwareInstanceRegistryImpl.java:253 - Changing status to UP
2020-03-30 22:08:47,615 [Thread-54] INFO  [o.s.c.n.e.s.EurekaServerInitializerConfiguration] EurekaServerInitializerConfiguration.java:74 - Started Eureka Server
2020-03-30 22:08:51,608 [Eureka-EvictionTimer] INFO  [c.netflix.eureka.registry.AbstractInstanceRegistry] AbstractInstanceRegistry.java:1250 - Running the evict task with compensationTime 0ms
2020-03-30 22:08:55,608 [Eureka-EvictionTimer] INFO  [c.netflix.eureka.registry.AbstractInstanceRegistry] AbstractInstanceRegistry.java:1250 - Running the evict task with compensationTime 0ms
2020-03-30 22:08:59,609 [Eureka-EvictionTimer] INFO  [c.netflix.eureka.registry.AbstractInstanceRegistry] AbstractInstanceRegistry.java:1250 - Running the evict task with compensationTime 0ms
2020-03-30 22:09:03,609 [Eureka-EvictionTimer] INFO  [c.netflix.eureka.registry.AbstractInstanceRegistry] AbstractInstanceRegistry.java:1250 - Running the evict task with compensationTime 0ms
2020-03-30 22:09:07,609 [Eureka-EvictionTimer] INFO  [c.netflix.eureka.registry.AbstractInstanceRegistry] AbstractInstanceRegistry.java:1250 - Running the evict task with compensationTime 0ms
2020-03-30 22:09:11,609 [Eureka-EvictionTimer] INFO  [c.netflix.eureka.registry.AbstractInstanceRegistry] AbstractInstanceRegistry.java:1250 - Running the evict task with compensationTime 0ms
2020-03-30 22:09:15,609 [Eureka-EvictionTimer] INFO  [c.netflix.eureka.registry.AbstractInstanceRegistry] AbstractInstanceRegistry.java:1250 - Running the evict task with compensationTime 0ms
2020-03-30 22:09:19,610 [Eureka-EvictionTimer] INFO  [c.netflix.eureka.registry.AbstractInstanceRegistry] AbstractInstanceRegistry.java:1250 - Running the evict task with compensationTime 0ms
2020-03-30 22:09:23,610 [Eureka-EvictionTimer] INFO  [c.netflix.eureka.registry.AbstractInstanceRegistry] AbstractInstanceRegistry.java:1250 - Running the evict task with compensationTime 0ms
2020-03-30 22:09:27,610 [Eureka-EvictionTimer] INFO  [c.netflix.eureka.registry.AbstractInstanceRegistry] AbstractInstanceRegistry.java:1250 - Running the evict task with compensationTime 0ms
2020-03-30 22:09:31,610 [Eureka-EvictionTimer] INFO  [c.netflix.eureka.registry.AbstractInstanceRegistry] AbstractInstanceRegistry.java:1250 - Running the evict task with compensationTime 0ms
2020-03-30 22:09:35,614 [Eureka-EvictionTimer] INFO  [c.netflix.eureka.registry.AbstractInstanceRegistry] AbstractInstanceRegistry.java:1250 - Running the evict task with compensationTime 3ms
2020-03-30 22:09:39,614 [Eureka-EvictionTimer] INFO  [c.netflix.eureka.registry.AbstractInstanceRegistry] AbstractInstanceRegistry.java:1250 - Running the evict task with compensationTime 0ms
2020-03-30 22:09:43,614 [Eureka-EvictionTimer] INFO  [c.netflix.eureka.registry.AbstractInstanceRegistry] AbstractInstanceRegistry.java:1250 - Running the evict task with compensationTime 0ms
2020-03-30 22:09:47,614 [Eureka-EvictionTimer] INFO  [c.netflix.eureka.registry.AbstractInstanceRegistry] AbstractInstanceRegistry.java:1250 - Running the evict task with compensationTime 0ms
2020-03-30 22:09:51,615 [Eureka-EvictionTimer] INFO  [c.netflix.eureka.registry.AbstractInstanceRegistry] AbstractInstanceRegistry.java:1250 - Running the evict task with compensationTime 0ms
2020-03-30 22:09:55,615 [Eureka-EvictionTimer] INFO  [c.netflix.eureka.registry.AbstractInstanceRegistry] AbstractInstanceRegistry.java:1250 - Running the evict task with compensationTime 0ms
2020-03-30 22:09:59,615 [Eureka-EvictionTimer] INFO  [c.netflix.eureka.registry.AbstractInstanceRegistry] AbstractInstanceRegistry.java:1250 - Running the evict task with compensationTime 0ms
2020-03-30 22:10:03,615 [Eureka-EvictionTimer] INFO  [c.netflix.eureka.registry.AbstractInstanceRegistry] AbstractInstanceRegistry.java:1250 - Running the evict task with compensationTime 0ms
2020-03-30 22:10:07,615 [Eureka-EvictionTimer] INFO  [c.netflix.eureka.registry.AbstractInstanceRegistry] AbstractInstanceRegistry.java:1250 - Running the evict task with compensationTime 0ms
2020-03-30 22:10:11,616 [Eureka-EvictionTimer] INFO  [c.netflix.eureka.registry.AbstractInstanceRegistry] AbstractInstanceRegistry.java:1250 - Running the evict task with compensationTime 0ms
2020-03-30 22:10:15,616 [Eureka-EvictionTimer] INFO  [c.netflix.eureka.registry.AbstractInstanceRegistry] AbstractInstanceRegistry.java:1250 - Running the evict task with compensationTime 0ms
2020-03-30 22:10:19,616 [Eureka-EvictionTimer] INFO  [c.netflix.eureka.registry.AbstractInstanceRegistry] AbstractInstanceRegistry.java:1250 - Running the evict task with compensationTime 0ms
2020-03-30 22:10:23,616 [Eureka-EvictionTimer] INFO  [c.netflix.eureka.registry.AbstractInstanceRegistry] AbstractInstanceRegistry.java:1250 - Running the evict task with compensationTime 0ms
2020-03-30 22:10:27,617 [Eureka-EvictionTimer] INFO  [c.netflix.eureka.registry.AbstractInstanceRegistry] AbstractInstanceRegistry.java:1250 - Running the evict task with compensationTime 0ms
2020-03-30 22:10:31,617 [Eureka-EvictionTimer] INFO  [c.netflix.eureka.registry.AbstractInstanceRegistry] AbstractInstanceRegistry.java:1250 - Running the evict task with compensationTime 0ms
2020-03-30 22:10:35,617 [Eureka-EvictionTimer] INFO  [c.netflix.eureka.registry.AbstractInstanceRegistry] AbstractInstanceRegistry.java:1250 - Running the evict task with compensationTime 0ms
2020-03-30 22:10:39,617 [Eureka-EvictionTimer] INFO  [c.netflix.eureka.registry.AbstractInstanceRegistry] AbstractInstanceRegistry.java:1250 - Running the evict task with compensationTime 0ms
2020-03-30 22:10:43,618 [Eureka-EvictionTimer] INFO  [c.netflix.eureka.registry.AbstractInstanceRegistry] AbstractInstanceRegistry.java:1250 - Running the evict task with compensationTime 0ms
2020-03-30 22:10:47,618 [Eureka-EvictionTimer] INFO  [c.netflix.eureka.registry.AbstractInstanceRegistry] AbstractInstanceRegistry.java:1250 - Running the evict task with compensationTime 0ms
2020-03-30 22:10:51,624 [Eureka-EvictionTimer] INFO  [c.netflix.eureka.registry.AbstractInstanceRegistry] AbstractInstanceRegistry.java:1250 - Running the evict task with compensationTime 6ms
2020-03-30 22:10:55,624 [Eureka-EvictionTimer] INFO  [c.netflix.eureka.registry.AbstractInstanceRegistry] AbstractInstanceRegistry.java:1250 - Running the evict task with compensationTime 0ms
2020-03-30 22:10:59,624 [Eureka-EvictionTimer] INFO  [c.netflix.eureka.registry.AbstractInstanceRegistry] AbstractInstanceRegistry.java:1250 - Running the evict task with compensationTime 0ms
2020-03-30 22:11:03,625 [Eureka-EvictionTimer] INFO  [c.netflix.eureka.registry.AbstractInstanceRegistry] AbstractInstanceRegistry.java:1250 - Running the evict task with compensationTime 0ms
2020-03-30 22:11:07,625 [Eureka-EvictionTimer] INFO  [c.netflix.eureka.registry.AbstractInstanceRegistry] AbstractInstanceRegistry.java:1250 - Running the evict task with compensationTime 0ms
2020-03-30 22:11:11,625 [Eureka-EvictionTimer] INFO  [c.netflix.eureka.registry.AbstractInstanceRegistry] AbstractInstanceRegistry.java:1250 - Running the evict task with compensationTime 0ms
2020-03-30 22:11:15,625 [Eureka-EvictionTimer] INFO  [c.netflix.eureka.registry.AbstractInstanceRegistry] AbstractInstanceRegistry.java:1250 - Running the evict task with compensationTime 0ms
2020-03-30 22:11:19,626 [Eureka-EvictionTimer] INFO  [c.netflix.eureka.registry.AbstractInstanceRegistry] AbstractInstanceRegistry.java:1250 - Running the evict task with compensationTime 0ms
2020-03-30 22:11:23,626 [Eureka-EvictionTimer] INFO  [c.netflix.eureka.registry.AbstractInstanceRegistry] AbstractInstanceRegistry.java:1250 - Running the evict task with compensationTime 0ms
2020-03-30 22:11:27,626 [Eureka-EvictionTimer] INFO  [c.netflix.eureka.registry.AbstractInstanceRegistry] AbstractInstanceRegistry.java:1250 - Running the evict task with compensationTime 0ms
2020-03-30 22:11:31,626 [Eureka-EvictionTimer] INFO  [c.netflix.eureka.registry.AbstractInstanceRegistry] AbstractInstanceRegistry.java:1250 - Running the evict task with compensationTime 0ms
2020-03-30 22:11:35,626 [Eureka-EvictionTimer] INFO  [c.netflix.eureka.registry.AbstractInstanceRegistry] AbstractInstanceRegistry.java:1250 - Running the evict task with compensationTime 0ms
2020-03-30 22:11:39,627 [Eureka-EvictionTimer] INFO  [c.netflix.eureka.registry.AbstractInstanceRegistry] AbstractInstanceRegistry.java:1250 - Running the evict task with compensationTime 0ms
2020-03-30 22:11:43,627 [Eureka-EvictionTimer] INFO  [c.netflix.eureka.registry.AbstractInstanceRegistry] AbstractInstanceRegistry.java:1250 - Running the evict task with compensationTime 0ms
2020-03-30 22:11:47,571 [AsyncResolver-bootstrap-executor-0] INFO  [c.n.d.shared.resolver.aws.ConfigClusterResolver] ConfigClusterResolver.java:43 - Resolving eureka endpoints via configuration
2020-03-30 22:11:47,627 [Eureka-EvictionTimer] INFO  [c.netflix.eureka.registry.AbstractInstanceRegistry] AbstractInstanceRegistry.java:1250 - Running the evict task with compensationTime 0ms
2020-03-30 22:11:51,627 [Eureka-EvictionTimer] INFO  [c.netflix.eureka.registry.AbstractInstanceRegistry] AbstractInstanceRegistry.java:1250 - Running the evict task with compensationTime 0ms
2020-03-30 22:11:55,628 [Eureka-EvictionTimer] INFO  [c.netflix.eureka.registry.AbstractInstanceRegistry] AbstractInstanceRegistry.java:1250 - Running the evict task with compensationTime 0ms
2020-03-30 22:11:59,628 [Eureka-EvictionTimer] INFO  [c.netflix.eureka.registry.AbstractInstanceRegistry] AbstractInstanceRegistry.java:1250 - Running the evict task with compensationTime 0ms
2020-03-30 22:12:03,628 [Eureka-EvictionTimer] INFO  [c.netflix.eureka.registry.AbstractInstanceRegistry] AbstractInstanceRegistry.java:1250 - Running the evict task with compensationTime 0ms
2020-03-30 22:12:07,628 [Eureka-EvictionTimer] INFO  [c.netflix.eureka.registry.AbstractInstanceRegistry] AbstractInstanceRegistry.java:1250 - Running the evict task with compensationTime 0ms
2020-03-30 22:12:11,629 [Eureka-EvictionTimer] INFO  [c.netflix.eureka.registry.AbstractInstanceRegistry] AbstractInstanceRegistry.java:1250 - Running the evict task with compensationTime 1ms
2020-03-30 22:12:15,629 [Eureka-EvictionTimer] INFO  [c.netflix.eureka.registry.AbstractInstanceRegistry] AbstractInstanceRegistry.java:1250 - Running the evict task with compensationTime 0ms
2020-03-30 22:12:19,629 [Eureka-EvictionTimer] INFO  [c.netflix.eureka.registry.AbstractInstanceRegistry] AbstractInstanceRegistry.java:1250 - Running the evict task with compensationTime 0ms
2020-03-30 22:12:23,629 [Eureka-EvictionTimer] INFO  [c.netflix.eureka.registry.AbstractInstanceRegistry] AbstractInstanceRegistry.java:1250 - Running the evict task with compensationTime 0ms
2020-03-30 22:12:27,629 [Eureka-EvictionTimer] INFO  [c.netflix.eureka.registry.AbstractInstanceRegistry] AbstractInstanceRegistry.java:1250 - Running the evict task with compensationTime 0ms
2020-03-30 22:12:31,630 [Eureka-EvictionTimer] INFO  [c.netflix.eureka.registry.AbstractInstanceRegistry] AbstractInstanceRegistry.java:1250 - Running the evict task with compensationTime 0ms
2020-03-30 22:12:35,631 [Eureka-EvictionTimer] INFO  [c.netflix.eureka.registry.AbstractInstanceRegistry] AbstractInstanceRegistry.java:1250 - Running the evict task with compensationTime 1ms
2020-03-30 22:12:39,631 [Eureka-EvictionTimer] INFO  [c.netflix.eureka.registry.AbstractInstanceRegistry] AbstractInstanceRegistry.java:1250 - Running the evict task with compensationTime 0ms
2020-03-30 22:12:43,632 [Eureka-EvictionTimer] INFO  [c.netflix.eureka.registry.AbstractInstanceRegistry] AbstractInstanceRegistry.java:1250 - Running the evict task with compensationTime 1ms
2020-03-30 22:12:47,633 [Eureka-EvictionTimer] INFO  [c.netflix.eureka.registry.AbstractInstanceRegistry] AbstractInstanceRegistry.java:1250 - Running the evict task with compensationTime 0ms
2020-03-30 22:12:51,633 [Eureka-EvictionTimer] INFO  [c.netflix.eureka.registry.AbstractInstanceRegistry] AbstractInstanceRegistry.java:1250 - Running the evict task with compensationTime 0ms
2020-03-30 22:12:55,633 [Eureka-EvictionTimer] INFO  [c.netflix.eureka.registry.AbstractInstanceRegistry] AbstractInstanceRegistry.java:1250 - Running the evict task with compensationTime 0ms
2020-03-30 22:12:59,633 [Eureka-EvictionTimer] INFO  [c.netflix.eureka.registry.AbstractInstanceRegistry] AbstractInstanceRegistry.java:1250 - Running the evict task with compensationTime 0ms
2020-03-30 22:13:03,634 [Eureka-EvictionTimer] INFO  [c.netflix.eureka.registry.AbstractInstanceRegistry] AbstractInstanceRegistry.java:1250 - Running the evict task with compensationTime 0ms
2020-03-30 22:13:07,634 [Eureka-EvictionTimer] INFO  [c.netflix.eureka.registry.AbstractInstanceRegistry] AbstractInstanceRegistry.java:1250 - Running the evict task with compensationTime 0ms
2020-03-30 22:13:11,634 [Eureka-EvictionTimer] INFO  [c.netflix.eureka.registry.AbstractInstanceRegistry] AbstractInstanceRegistry.java:1250 - Running the evict task with compensationTime 0ms
2020-03-30 22:13:15,634 [Eureka-EvictionTimer] INFO  [c.netflix.eureka.registry.AbstractInstanceRegistry] AbstractInstanceRegistry.java:1250 - Running the evict task with compensationTime 0ms
2020-03-30 22:13:19,634 [Eureka-EvictionTimer] INFO  [c.netflix.eureka.registry.AbstractInstanceRegistry] AbstractInstanceRegistry.java:1250 - Running the evict task with compensationTime 0ms
2020-03-30 22:13:23,635 [Eureka-EvictionTimer] INFO  [c.netflix.eureka.registry.AbstractInstanceRegistry] AbstractInstanceRegistry.java:1250 - Running the evict task with compensationTime 0ms
2020-03-30 22:13:27,635 [Eureka-EvictionTimer] INFO  [c.netflix.eureka.registry.AbstractInstanceRegistry] AbstractInstanceRegistry.java:1250 - Running the evict task with compensationTime 0ms
2020-03-30 22:13:31,649 [Eureka-EvictionTimer] INFO  [c.netflix.eureka.registry.AbstractInstanceRegistry] AbstractInstanceRegistry.java:1250 - Running the evict task with compensationTime 14ms
2020-03-30 22:13:35,651 [Eureka-EvictionTimer] INFO  [c.netflix.eureka.registry.AbstractInstanceRegistry] AbstractInstanceRegistry.java:1250 - Running the evict task with compensationTime 2ms
2020-03-30 22:13:39,652 [Eureka-EvictionTimer] INFO  [c.netflix.eureka.registry.AbstractInstanceRegistry] AbstractInstanceRegistry.java:1250 - Running the evict task with compensationTime 0ms
2020-03-30 22:13:43,652 [Eureka-EvictionTimer] INFO  [c.netflix.eureka.registry.AbstractInstanceRegistry] AbstractInstanceRegistry.java:1250 - Running the evict task with compensationTime 0ms
2020-03-30 22:13:47,652 [Eureka-EvictionTimer] INFO  [c.netflix.eureka.registry.AbstractInstanceRegistry] AbstractInstanceRegistry.java:1250 - Running the evict task with compensationTime 0ms
2020-03-30 22:13:51,654 [Eureka-EvictionTimer] INFO  [c.netflix.eureka.registry.AbstractInstanceRegistry] AbstractInstanceRegistry.java:1250 - Running the evict task with compensationTime 2ms
2020-03-30 22:13:55,654 [Eureka-EvictionTimer] INFO  [c.netflix.eureka.registry.AbstractInstanceRegistry] AbstractInstanceRegistry.java:1250 - Running the evict task with compensationTime 0ms
2020-03-30 22:13:59,655 [Eureka-EvictionTimer] INFO  [c.netflix.eureka.registry.AbstractInstanceRegistry] AbstractInstanceRegistry.java:1250 - Running the evict task with compensationTime 0ms
2020-03-30 22:14:03,655 [Eureka-EvictionTimer] INFO  [c.netflix.eureka.registry.AbstractInstanceRegistry] AbstractInstanceRegistry.java:1250 - Running the evict task with compensationTime 0ms
2020-03-30 22:14:07,655 [Eureka-EvictionTimer] INFO  [c.netflix.eureka.registry.AbstractInstanceRegistry] AbstractInstanceRegistry.java:1250 - Running the evict task with compensationTime 0ms
2020-03-30 22:14:11,655 [Eureka-EvictionTimer] INFO  [c.netflix.eureka.registry.AbstractInstanceRegistry] AbstractInstanceRegistry.java:1250 - Running the evict task with compensationTime 0ms
2020-03-30 22:14:15,656 [Eureka-EvictionTimer] INFO  [c.netflix.eureka.registry.AbstractInstanceRegistry] AbstractInstanceRegistry.java:1250 - Running the evict task with compensationTime 0ms
2020-03-30 22:14:19,656 [Eureka-EvictionTimer] INFO  [c.netflix.eureka.registry.AbstractInstanceRegistry] AbstractInstanceRegistry.java:1250 - Running the evict task with compensationTime 0ms
2020-03-30 22:14:23,656 [Eureka-EvictionTimer] INFO  [c.netflix.eureka.registry.AbstractInstanceRegistry] AbstractInstanceRegistry.java:1250 - Running the evict task with compensationTime 0ms
2020-03-30 22:14:27,656 [Eureka-EvictionTimer] INFO  [c.netflix.eureka.registry.AbstractInstanceRegistry] AbstractInstanceRegistry.java:1250 - Running the evict task with compensationTime 0ms
2020-03-30 22:14:31,657 [Eureka-EvictionTimer] INFO  [c.netflix.eureka.registry.AbstractInstanceRegistry] AbstractInstanceRegistry.java:1250 - Running the evict task with compensationTime 0ms
2020-03-30 22:14:35,657 [Eureka-EvictionTimer] INFO  [c.netflix.eureka.registry.AbstractInstanceRegistry] AbstractInstanceRegistry.java:1250 - Running the evict task with compensationTime 0ms
2020-03-30 22:14:39,657 [Eureka-EvictionTimer] INFO  [c.netflix.eureka.registry.AbstractInstanceRegistry] AbstractInstanceRegistry.java:1250 - Running the evict task with compensationTime 0ms
2020-03-30 22:14:43,657 [Eureka-EvictionTimer] INFO  [c.netflix.eureka.registry.AbstractInstanceRegistry] AbstractInstanceRegistry.java:1250 - Running the evict task with compensationTime 0ms
2020-03-30 22:14:47,657 [Eureka-EvictionTimer] INFO  [c.netflix.eureka.registry.AbstractInstanceRegistry] AbstractInstanceRegistry.java:1250 - Running the evict task with compensationTime 0ms
2020-03-30 22:14:51,658 [Eureka-EvictionTimer] INFO  [c.netflix.eureka.registry.AbstractInstanceRegistry] AbstractInstanceRegistry.java:1250 - Running the evict task with compensationTime 0ms
2020-03-30 22:14:55,658 [Eureka-EvictionTimer] INFO  [c.netflix.eureka.registry.AbstractInstanceRegistry] AbstractInstanceRegistry.java:1250 - Running the evict task with compensationTime 0ms
2020-03-30 22:14:59,658 [Eureka-EvictionTimer] INFO  [c.netflix.eureka.registry.AbstractInstanceRegistry] AbstractInstanceRegistry.java:1250 - Running the evict task with compensationTime 0ms
2020-03-30 22:15:03,658 [Eureka-EvictionTimer] INFO  [c.netflix.eureka.registry.AbstractInstanceRegistry] AbstractInstanceRegistry.java:1250 - Running the evict task with compensationTime 0ms
2020-03-30 22:15:07,659 [Eureka-EvictionTimer] INFO  [c.netflix.eureka.registry.AbstractInstanceRegistry] AbstractInstanceRegistry.java:1250 - Running the evict task with compensationTime 0ms
2020-03-30 22:15:11,659 [Eureka-EvictionTimer] INFO  [c.netflix.eureka.registry.AbstractInstanceRegistry] AbstractInstanceRegistry.java:1250 - Running the evict task with compensationTime 0ms
2020-03-30 22:15:15,659 [Eureka-EvictionTimer] INFO  [c.netflix.eureka.registry.AbstractInstanceRegistry] AbstractInstanceRegistry.java:1250 - Running the evict task with compensationTime 0ms
2020-03-30 22:15:19,659 [Eureka-EvictionTimer] INFO  [c.netflix.eureka.registry.AbstractInstanceRegistry] AbstractInstanceRegistry.java:1250 - Running the evict task with compensationTime 0ms
2020-03-30 22:15:23,660 [Eureka-EvictionTimer] INFO  [c.netflix.eureka.registry.AbstractInstanceRegistry] AbstractInstanceRegistry.java:1250 - Running the evict task with compensationTime 0ms
2020-03-30 22:15:27,660 [Eureka-EvictionTimer] INFO  [c.netflix.eureka.registry.AbstractInstanceRegistry] AbstractInstanceRegistry.java:1250 - Running the evict task with compensationTime 0ms
2020-03-30 22:15:31,660 [Eureka-EvictionTimer] INFO  [c.netflix.eureka.registry.AbstractInstanceRegistry] AbstractInstanceRegistry.java:1250 - Running the evict task with compensationTime 0ms
2020-03-30 22:15:35,660 [Eureka-EvictionTimer] INFO  [c.netflix.eureka.registry.AbstractInstanceRegistry] AbstractInstanceRegistry.java:1250 - Running the evict task with compensationTime 0ms
2020-03-30 22:15:39,660 [Eureka-EvictionTimer] INFO  [c.netflix.eureka.registry.AbstractInstanceRegistry] AbstractInstanceRegistry.java:1250 - Running the evict task with compensationTime 0ms
2020-03-30 22:15:43,661 [Eureka-EvictionTimer] INFO  [c.netflix.eureka.registry.AbstractInstanceRegistry] AbstractInstanceRegistry.java:1250 - Running the evict task with compensationTime 0ms
2020-03-30 22:15:47,661 [Eureka-EvictionTimer] INFO  [c.netflix.eureka.registry.AbstractInstanceRegistry] AbstractInstanceRegistry.java:1250 - Running the evict task with compensationTime 0ms
2020-03-30 22:15:51,661 [Eureka-EvictionTimer] INFO  [c.netflix.eureka.registry.AbstractInstanceRegistry] AbstractInstanceRegistry.java:1250 - Running the evict task with compensationTime 0ms
2020-03-30 22:15:55,661 [Eureka-EvictionTimer] INFO  [c.netflix.eureka.registry.AbstractInstanceRegistry] AbstractInstanceRegistry.java:1250 - Running the evict task with compensationTime 0ms
2020-03-30 22:15:59,662 [Eureka-EvictionTimer] INFO  [c.netflix.eureka.registry.AbstractInstanceRegistry] AbstractInstanceRegistry.java:1250 - Running the evict task with compensationTime 0ms
2020-03-30 22:16:03,662 [Eureka-EvictionTimer] INFO  [c.netflix.eureka.registry.AbstractInstanceRegistry] AbstractInstanceRegistry.java:1250 - Running the evict task with compensationTime 0ms
2020-03-30 22:16:07,662 [Eureka-EvictionTimer] INFO  [c.netflix.eureka.registry.AbstractInstanceRegistry] AbstractInstanceRegistry.java:1250 - Running the evict task with compensationTime 0ms
2020-03-30 22:16:11,662 [Eureka-EvictionTimer] INFO  [c.netflix.eureka.registry.AbstractInstanceRegistry] AbstractInstanceRegistry.java:1250 - Running the evict task with compensationTime 0ms
2020-03-30 22:16:15,663 [Eureka-EvictionTimer] INFO  [c.netflix.eureka.registry.AbstractInstanceRegistry] AbstractInstanceRegistry.java:1250 - Running the evict task with compensationTime 0ms
2020-03-30 22:16:19,663 [Eureka-EvictionTimer] INFO  [c.netflix.eureka.registry.AbstractInstanceRegistry] AbstractInstanceRegistry.java:1250 - Running the evict task with compensationTime 0ms
2020-03-30 22:16:23,663 [Eureka-EvictionTimer] INFO  [c.netflix.eureka.registry.AbstractInstanceRegistry] AbstractInstanceRegistry.java:1250 - Running the evict task with compensationTime 0ms
2020-03-30 22:16:27,663 [Eureka-EvictionTimer] INFO  [c.netflix.eureka.registry.AbstractInstanceRegistry] AbstractInstanceRegistry.java:1250 - Running the evict task with compensationTime 0ms
2020-03-30 22:16:31,663 [Eureka-EvictionTimer] INFO  [c.netflix.eureka.registry.AbstractInstanceRegistry] AbstractInstanceRegistry.java:1250 - Running the evict task with compensationTime 0ms
2020-03-30 22:16:35,664 [Eureka-EvictionTimer] INFO  [c.netflix.eureka.registry.AbstractInstanceRegistry] AbstractInstanceRegistry.java:1250 - Running the evict task with compensationTime 0ms
2020-03-30 22:16:39,664 [Eureka-EvictionTimer] INFO  [c.netflix.eureka.registry.AbstractInstanceRegistry] AbstractInstanceRegistry.java:1250 - Running the evict task with compensationTime 0ms
2020-03-30 22:16:43,664 [Eureka-EvictionTimer] INFO  [c.netflix.eureka.registry.AbstractInstanceRegistry] AbstractInstanceRegistry.java:1250 - Running the evict task with compensationTime 0ms
2020-03-30 22:16:47,578 [AsyncResolver-bootstrap-executor-0] INFO  [c.n.d.shared.resolver.aws.ConfigClusterResolver] ConfigClusterResolver.java:43 - Resolving eureka endpoints via configuration
2020-03-30 22:16:47,664 [Eureka-EvictionTimer] INFO  [c.netflix.eureka.registry.AbstractInstanceRegistry] AbstractInstanceRegistry.java:1250 - Running the evict task with compensationTime 0ms
2020-03-30 22:16:51,665 [Eureka-EvictionTimer] INFO  [c.netflix.eureka.registry.AbstractInstanceRegistry] AbstractInstanceRegistry.java:1250 - Running the evict task with compensationTime 0ms
2020-03-30 22:16:55,674 [Eureka-EvictionTimer] INFO  [c.netflix.eureka.registry.AbstractInstanceRegistry] AbstractInstanceRegistry.java:1250 - Running the evict task with compensationTime 9ms
2020-03-30 22:16:59,673 [Eureka-EvictionTimer] INFO  [c.netflix.eureka.registry.AbstractInstanceRegistry] AbstractInstanceRegistry.java:1250 - Running the evict task with compensationTime 0ms
2020-03-30 22:17:03,673 [Eureka-EvictionTimer] INFO  [c.netflix.eureka.registry.AbstractInstanceRegistry] AbstractInstanceRegistry.java:1250 - Running the evict task with compensationTime 0ms
2020-03-30 22:17:07,673 [Eureka-EvictionTimer] INFO  [c.netflix.eureka.registry.AbstractInstanceRegistry] AbstractInstanceRegistry.java:1250 - Running the evict task with compensationTime 0ms
2020-03-30 22:17:11,674 [Eureka-EvictionTimer] INFO  [c.netflix.eureka.registry.AbstractInstanceRegistry] AbstractInstanceRegistry.java:1250 - Running the evict task with compensationTime 0ms
2020-03-30 22:17:15,674 [Eureka-EvictionTimer] INFO  [c.netflix.eureka.registry.AbstractInstanceRegistry] AbstractInstanceRegistry.java:1250 - Running the evict task with compensationTime 0ms
2020-03-30 22:17:19,775 [Eureka-EvictionTimer] INFO  [c.netflix.eureka.registry.AbstractInstanceRegistry] AbstractInstanceRegistry.java:1250 - Running the evict task with compensationTime 101ms
2020-03-30 22:17:23,775 [Eureka-EvictionTimer] INFO  [c.netflix.eureka.registry.AbstractInstanceRegistry] AbstractInstanceRegistry.java:1250 - Running the evict task with compensationTime 0ms
2020-03-30 22:17:27,776 [Eureka-EvictionTimer] INFO  [c.netflix.eureka.registry.AbstractInstanceRegistry] AbstractInstanceRegistry.java:1250 - Running the evict task with compensationTime 0ms
2020-03-30 22:17:31,776 [Eureka-EvictionTimer] INFO  [c.netflix.eureka.registry.AbstractInstanceRegistry] AbstractInstanceRegistry.java:1250 - Running the evict task with compensationTime 0ms
2020-03-30 22:17:35,776 [Eureka-EvictionTimer] INFO  [c.netflix.eureka.registry.AbstractInstanceRegistry] AbstractInstanceRegistry.java:1250 - Running the evict task with compensationTime 0ms
2020-03-30 22:17:39,776 [Eureka-EvictionTimer] INFO  [c.netflix.eureka.registry.AbstractInstanceRegistry] AbstractInstanceRegistry.java:1250 - Running the evict task with compensationTime 0ms
2020-03-30 22:17:43,777 [Eureka-EvictionTimer] INFO  [c.netflix.eureka.registry.AbstractInstanceRegistry] AbstractInstanceRegistry.java:1250 - Running the evict task with compensationTime 0ms
2020-03-30 22:17:47,777 [Eureka-EvictionTimer] INFO  [c.netflix.eureka.registry.AbstractInstanceRegistry] AbstractInstanceRegistry.java:1250 - Running the evict task with compensationTime 0ms
2020-03-30 22:17:51,777 [Eureka-EvictionTimer] INFO  [c.netflix.eureka.registry.AbstractInstanceRegistry] AbstractInstanceRegistry.java:1250 - Running the evict task with compensationTime 0ms
2020-03-30 22:17:55,777 [Eureka-EvictionTimer] INFO  [c.netflix.eureka.registry.AbstractInstanceRegistry] AbstractInstanceRegistry.java:1250 - Running the evict task with compensationTime 0ms
2020-03-30 22:17:59,777 [Eureka-EvictionTimer] INFO  [c.netflix.eureka.registry.AbstractInstanceRegistry] AbstractInstanceRegistry.java:1250 - Running the evict task with compensationTime 0ms
2020-03-30 22:18:03,778 [Eureka-EvictionTimer] INFO  [c.netflix.eureka.registry.AbstractInstanceRegistry] AbstractInstanceRegistry.java:1250 - Running the evict task with compensationTime 0ms
2020-03-30 22:18:07,778 [Eureka-EvictionTimer] INFO  [c.netflix.eureka.registry.AbstractInstanceRegistry] AbstractInstanceRegistry.java:1250 - Running the evict task with compensationTime 0ms
2020-03-30 22:18:11,778 [Eureka-EvictionTimer] INFO  [c.netflix.eureka.registry.AbstractInstanceRegistry] AbstractInstanceRegistry.java:1250 - Running the evict task with compensationTime 0ms
2020-03-30 22:18:15,778 [Eureka-EvictionTimer] INFO  [c.netflix.eureka.registry.AbstractInstanceRegistry] AbstractInstanceRegistry.java:1250 - Running the evict task with compensationTime 0ms
2020-03-30 22:18:19,779 [Eureka-EvictionTimer] INFO  [c.netflix.eureka.registry.AbstractInstanceRegistry] AbstractInstanceRegistry.java:1250 - Running the evict task with compensationTime 0ms
2020-03-30 22:18:23,779 [Eureka-EvictionTimer] INFO  [c.netflix.eureka.registry.AbstractInstanceRegistry] AbstractInstanceRegistry.java:1250 - Running the evict task with compensationTime 0ms
2020-03-30 22:18:27,779 [Eureka-EvictionTimer] INFO  [c.netflix.eureka.registry.AbstractInstanceRegistry] AbstractInstanceRegistry.java:1250 - Running the evict task with compensationTime 0ms
2020-03-30 22:18:31,779 [Eureka-EvictionTimer] INFO  [c.netflix.eureka.registry.AbstractInstanceRegistry] AbstractInstanceRegistry.java:1250 - Running the evict task with compensationTime 0ms
2020-03-30 22:18:35,780 [Eureka-EvictionTimer] INFO  [c.netflix.eureka.registry.AbstractInstanceRegistry] AbstractInstanceRegistry.java:1250 - Running the evict task with compensationTime 0ms
2020-03-30 22:18:39,781 [Eureka-EvictionTimer] INFO  [c.netflix.eureka.registry.AbstractInstanceRegistry] AbstractInstanceRegistry.java:1250 - Running the evict task with compensationTime 1ms
2020-03-30 22:18:43,781 [Eureka-EvictionTimer] INFO  [c.netflix.eureka.registry.AbstractInstanceRegistry] AbstractInstanceRegistry.java:1250 - Running the evict task with compensationTime 0ms
2020-03-30 22:18:47,781 [Eureka-EvictionTimer] INFO  [c.netflix.eureka.registry.AbstractInstanceRegistry] AbstractInstanceRegistry.java:1250 - Running the evict task with compensationTime 0ms
2020-03-30 22:18:51,781 [Eureka-EvictionTimer] INFO  [c.netflix.eureka.registry.AbstractInstanceRegistry] AbstractInstanceRegistry.java:1250 - Running the evict task with compensationTime 0ms
2020-03-30 22:18:55,782 [Eureka-EvictionTimer] INFO  [c.netflix.eureka.registry.AbstractInstanceRegistry] AbstractInstanceRegistry.java:1250 - Running the evict task with compensationTime 0ms
2020-03-30 22:18:59,782 [Eureka-EvictionTimer] INFO  [c.netflix.eureka.registry.AbstractInstanceRegistry] AbstractInstanceRegistry.java:1250 - Running the evict task with compensationTime 0ms
2020-03-30 22:19:03,782 [Eureka-EvictionTimer] INFO  [c.netflix.eureka.registry.AbstractInstanceRegistry] AbstractInstanceRegistry.java:1250 - Running the evict task with compensationTime 0ms
2020-03-30 22:19:07,782 [Eureka-EvictionTimer] INFO  [c.netflix.eureka.registry.AbstractInstanceRegistry] AbstractInstanceRegistry.java:1250 - Running the evict task with compensationTime 0ms
2020-03-30 22:19:11,836 [Eureka-EvictionTimer] INFO  [c.netflix.eureka.registry.AbstractInstanceRegistry] AbstractInstanceRegistry.java:1250 - Running the evict task with compensationTime 53ms
2020-03-30 22:19:15,836 [Eureka-EvictionTimer] INFO  [c.netflix.eureka.registry.AbstractInstanceRegistry] AbstractInstanceRegistry.java:1250 - Running the evict task with compensationTime 0ms
2020-03-30 22:19:19,836 [Eureka-EvictionTimer] INFO  [c.netflix.eureka.registry.AbstractInstanceRegistry] AbstractInstanceRegistry.java:1250 - Running the evict task with compensationTime 0ms
2020-03-30 22:19:23,836 [Eureka-EvictionTimer] INFO  [c.netflix.eureka.registry.AbstractInstanceRegistry] AbstractInstanceRegistry.java:1250 - Running the evict task with compensationTime 0ms
2020-03-30 22:19:27,836 [Eureka-EvictionTimer] INFO  [c.netflix.eureka.registry.AbstractInstanceRegistry] AbstractInstanceRegistry.java:1250 - Running the evict task with compensationTime 0ms
2020-03-30 22:19:31,882 [Eureka-EvictionTimer] INFO  [c.netflix.eureka.registry.AbstractInstanceRegistry] AbstractInstanceRegistry.java:1250 - Running the evict task with compensationTime 45ms
2020-03-30 22:19:35,882 [Eureka-EvictionTimer] INFO  [c.netflix.eureka.registry.AbstractInstanceRegistry] AbstractInstanceRegistry.java:1250 - Running the evict task with compensationTime 0ms
2020-03-30 22:19:39,882 [Eureka-EvictionTimer] INFO  [c.netflix.eureka.registry.AbstractInstanceRegistry] AbstractInstanceRegistry.java:1250 - Running the evict task with compensationTime 0ms
2020-03-30 22:19:43,882 [Eureka-EvictionTimer] INFO  [c.netflix.eureka.registry.AbstractInstanceRegistry] AbstractInstanceRegistry.java:1250 - Running the evict task with compensationTime 0ms
2020-03-30 22:19:47,883 [Eureka-EvictionTimer] INFO  [c.netflix.eureka.registry.AbstractInstanceRegistry] AbstractInstanceRegistry.java:1250 - Running the evict task with compensationTime 0ms
2020-03-30 22:19:51,885 [Eureka-EvictionTimer] INFO  [c.netflix.eureka.registry.AbstractInstanceRegistry] AbstractInstanceRegistry.java:1250 - Running the evict task with compensationTime 3ms
2020-03-30 22:19:55,885 [Eureka-EvictionTimer] INFO  [c.netflix.eureka.registry.AbstractInstanceRegistry] AbstractInstanceRegistry.java:1250 - Running the evict task with compensationTime 0ms
2020-03-30 22:19:59,885 [Eureka-EvictionTimer] INFO  [c.netflix.eureka.registry.AbstractInstanceRegistry] AbstractInstanceRegistry.java:1250 - Running the evict task with compensationTime 0ms
2020-03-30 22:20:03,886 [Eureka-EvictionTimer] INFO  [c.netflix.eureka.registry.AbstractInstanceRegistry] AbstractInstanceRegistry.java:1250 - Running the evict task with compensationTime 0ms
2020-03-30 22:20:07,886 [Eureka-EvictionTimer] INFO  [c.netflix.eureka.registry.AbstractInstanceRegistry] AbstractInstanceRegistry.java:1250 - Running the evict task with compensationTime 0ms
2020-03-30 22:20:11,886 [Eureka-EvictionTimer] INFO  [c.netflix.eureka.registry.AbstractInstanceRegistry] AbstractInstanceRegistry.java:1250 - Running the evict task with compensationTime 0ms
2020-03-30 22:20:15,886 [Eureka-EvictionTimer] INFO  [c.netflix.eureka.registry.AbstractInstanceRegistry] AbstractInstanceRegistry.java:1250 - Running the evict task with compensationTime 0ms
2020-03-30 22:20:19,886 [Eureka-EvictionTimer] INFO  [c.netflix.eureka.registry.AbstractInstanceRegistry] AbstractInstanceRegistry.java:1250 - Running the evict task with compensationTime 0ms
2020-03-30 22:20:23,887 [Eureka-EvictionTimer] INFO  [c.netflix.eureka.registry.AbstractInstanceRegistry] AbstractInstanceRegistry.java:1250 - Running the evict task with compensationTime 0ms
2020-03-30 22:20:27,887 [Eureka-EvictionTimer] INFO  [c.netflix.eureka.registry.AbstractInstanceRegistry] AbstractInstanceRegistry.java:1250 - Running the evict task with compensationTime 0ms
2020-03-30 22:20:31,887 [Eureka-EvictionTimer] INFO  [c.netflix.eureka.registry.AbstractInstanceRegistry] AbstractInstanceRegistry.java:1250 - Running the evict task with compensationTime 0ms
2020-03-30 22:20:35,887 [Eureka-EvictionTimer] INFO  [c.netflix.eureka.registry.AbstractInstanceRegistry] AbstractInstanceRegistry.java:1250 - Running the evict task with compensationTime 0ms
2020-03-30 22:20:39,888 [Eureka-EvictionTimer] INFO  [c.netflix.eureka.registry.AbstractInstanceRegistry] AbstractInstanceRegistry.java:1250 - Running the evict task with compensationTime 0ms
2020-03-30 22:20:43,888 [Eureka-EvictionTimer] INFO  [c.netflix.eureka.registry.AbstractInstanceRegistry] AbstractInstanceRegistry.java:1250 - Running the evict task with compensationTime 0ms
2020-03-30 22:20:47,888 [Eureka-EvictionTimer] INFO  [c.netflix.eureka.registry.AbstractInstanceRegistry] AbstractInstanceRegistry.java:1250 - Running the evict task with compensationTime 0ms
2020-03-30 22:20:51,888 [Eureka-EvictionTimer] INFO  [c.netflix.eureka.registry.AbstractInstanceRegistry] AbstractInstanceRegistry.java:1250 - Running the evict task with compensationTime 0ms
2020-03-30 22:20:55,889 [Eureka-EvictionTimer] INFO  [c.netflix.eureka.registry.AbstractInstanceRegistry] AbstractInstanceRegistry.java:1250 - Running the evict task with compensationTime 0ms
2020-03-30 22:20:59,889 [Eureka-EvictionTimer] INFO  [c.netflix.eureka.registry.AbstractInstanceRegistry] AbstractInstanceRegistry.java:1250 - Running the evict task with compensationTime 0ms
2020-03-30 22:21:03,889 [Eureka-EvictionTimer] INFO  [c.netflix.eureka.registry.AbstractInstanceRegistry] AbstractInstanceRegistry.java:1250 - Running the evict task with compensationTime 0ms
2020-03-30 22:21:07,889 [Eureka-EvictionTimer] INFO  [c.netflix.eureka.registry.AbstractInstanceRegistry] AbstractInstanceRegistry.java:1250 - Running the evict task with compensationTime 0ms
2020-03-30 22:21:11,889 [Eureka-EvictionTimer] INFO  [c.netflix.eureka.registry.AbstractInstanceRegistry] AbstractInstanceRegistry.java:1250 - Running the evict task with compensationTime 0ms
2020-03-30 22:21:15,890 [Eureka-EvictionTimer] INFO  [c.netflix.eureka.registry.AbstractInstanceRegistry] AbstractInstanceRegistry.java:1250 - Running the evict task with compensationTime 0ms
2020-03-30 22:21:19,890 [Eureka-EvictionTimer] INFO  [c.netflix.eureka.registry.AbstractInstanceRegistry] AbstractInstanceRegistry.java:1250 - Running the evict task with compensationTime 0ms
2020-03-30 22:21:23,890 [Eureka-EvictionTimer] INFO  [c.netflix.eureka.registry.AbstractInstanceRegistry] AbstractInstanceRegistry.java:1250 - Running the evict task with compensationTime 0ms
2020-03-30 22:21:27,890 [Eureka-EvictionTimer] INFO  [c.netflix.eureka.registry.AbstractInstanceRegistry] AbstractInstanceRegistry.java:1250 - Running the evict task with compensationTime 0ms
2020-03-30 22:21:31,891 [Eureka-EvictionTimer] INFO  [c.netflix.eureka.registry.AbstractInstanceRegistry] AbstractInstanceRegistry.java:1250 - Running the evict task with compensationTime 0ms
2020-03-30 22:21:35,891 [Eureka-EvictionTimer] INFO  [c.netflix.eureka.registry.AbstractInstanceRegistry] AbstractInstanceRegistry.java:1250 - Running the evict task with compensationTime 0ms
2020-03-30 22:21:39,891 [Eureka-EvictionTimer] INFO  [c.netflix.eureka.registry.AbstractInstanceRegistry] AbstractInstanceRegistry.java:1250 - Running the evict task with compensationTime 0ms
2020-03-30 22:21:43,423 [ReplicaAwareInstanceRegistry - RenewalThresholdUpdater] INFO  [c.n.eureka.registry.PeerAwareInstanceRegistryImpl] PeerAwareInstanceRegistryImpl.java:539 - Current renewal threshold is : 0
2020-03-30 22:21:43,891 [Eureka-EvictionTimer] INFO  [c.netflix.eureka.registry.AbstractInstanceRegistry] AbstractInstanceRegistry.java:1250 - Running the evict task with compensationTime 0ms
2020-03-30 22:21:47,584 [AsyncResolver-bootstrap-executor-0] INFO  [c.n.d.shared.resolver.aws.ConfigClusterResolver] ConfigClusterResolver.java:43 - Resolving eureka endpoints via configuration
2020-03-30 22:21:47,892 [Eureka-EvictionTimer] INFO  [c.netflix.eureka.registry.AbstractInstanceRegistry] AbstractInstanceRegistry.java:1250 - Running the evict task with compensationTime 0ms
2020-03-30 22:21:51,892 [Eureka-EvictionTimer] INFO  [c.netflix.eureka.registry.AbstractInstanceRegistry] AbstractInstanceRegistry.java:1250 - Running the evict task with compensationTime 0ms
2020-03-30 22:21:55,892 [Eureka-EvictionTimer] INFO  [c.netflix.eureka.registry.AbstractInstanceRegistry] AbstractInstanceRegistry.java:1250 - Running the evict task with compensationTime 0ms
2020-03-30 22:21:59,892 [Eureka-EvictionTimer] INFO  [c.netflix.eureka.registry.AbstractInstanceRegistry] AbstractInstanceRegistry.java:1250 - Running the evict task with compensationTime 0ms
2020-03-30 22:22:03,892 [Eureka-EvictionTimer] INFO  [c.netflix.eureka.registry.AbstractInstanceRegistry] AbstractInstanceRegistry.java:1250 - Running the evict task with compensationTime 0ms
2020-03-30 22:22:07,893 [Eureka-EvictionTimer] INFO  [c.netflix.eureka.registry.AbstractInstanceRegistry] AbstractInstanceRegistry.java:1250 - Running the evict task with compensationTime 0ms
2020-03-30 22:22:11,893 [Eureka-EvictionTimer] INFO  [c.netflix.eureka.registry.AbstractInstanceRegistry] AbstractInstanceRegistry.java:1250 - Running the evict task with compensationTime 0ms
2020-03-30 22:22:15,893 [Eureka-EvictionTimer] INFO  [c.netflix.eureka.registry.AbstractInstanceRegistry] AbstractInstanceRegistry.java:1250 - Running the evict task with compensationTime 0ms
2020-03-30 22:22:19,893 [Eureka-EvictionTimer] INFO  [c.netflix.eureka.registry.AbstractInstanceRegistry] AbstractInstanceRegistry.java:1250 - Running the evict task with compensationTime 0ms
2020-03-30 22:22:23,894 [Eureka-EvictionTimer] INFO  [c.netflix.eureka.registry.AbstractInstanceRegistry] AbstractInstanceRegistry.java:1250 - Running the evict task with compensationTime 0ms
2020-03-30 22:22:27,894 [Eureka-EvictionTimer] INFO  [c.netflix.eureka.registry.AbstractInstanceRegistry] AbstractInstanceRegistry.java:1250 - Running the evict task with compensationTime 0ms
2020-03-30 22:22:31,894 [Eureka-EvictionTimer] INFO  [c.netflix.eureka.registry.AbstractInstanceRegistry] AbstractInstanceRegistry.java:1250 - Running the evict task with compensationTime 0ms
2020-03-30 22:22:35,894 [Eureka-EvictionTimer] INFO  [c.netflix.eureka.registry.AbstractInstanceRegistry] AbstractInstanceRegistry.java:1250 - Running the evict task with compensationTime 0ms
2020-03-30 22:22:39,894 [Eureka-EvictionTimer] INFO  [c.netflix.eureka.registry.AbstractInstanceRegistry] AbstractInstanceRegistry.java:1250 - Running the evict task with compensationTime 0ms
2020-03-30 22:22:43,895 [Eureka-EvictionTimer] INFO  [c.netflix.eureka.registry.AbstractInstanceRegistry] AbstractInstanceRegistry.java:1250 - Running the evict task with compensationTime 0ms
2020-03-30 22:22:47,895 [Eureka-EvictionTimer] INFO  [c.netflix.eureka.registry.AbstractInstanceRegistry] AbstractInstanceRegistry.java:1250 - Running the evict task with compensationTime 0ms
2020-03-30 22:22:51,895 [Eureka-EvictionTimer] INFO  [c.netflix.eureka.registry.AbstractInstanceRegistry] AbstractInstanceRegistry.java:1250 - Running the evict task with compensationTime 0ms
2020-03-30 22:22:55,895 [Eureka-EvictionTimer] INFO  [c.netflix.eureka.registry.AbstractInstanceRegistry] AbstractInstanceRegistry.java:1250 - Running the evict task with compensationTime 0ms
2020-03-30 22:22:59,896 [Eureka-EvictionTimer] INFO  [c.netflix.eureka.registry.AbstractInstanceRegistry] AbstractInstanceRegistry.java:1250 - Running the evict task with compensationTime 0ms
2020-03-30 22:23:03,896 [Eureka-EvictionTimer] INFO  [c.netflix.eureka.registry.AbstractInstanceRegistry] AbstractInstanceRegistry.java:1250 - Running the evict task with compensationTime 0ms
2020-03-30 22:23:07,896 [Eureka-EvictionTimer] INFO  [c.netflix.eureka.registry.AbstractInstanceRegistry] AbstractInstanceRegistry.java:1250 - Running the evict task with compensationTime 0ms
2020-03-30 22:23:11,896 [Eureka-EvictionTimer] INFO  [c.netflix.eureka.registry.AbstractInstanceRegistry] AbstractInstanceRegistry.java:1250 - Running the evict task with compensationTime 0ms
2020-03-30 22:23:15,897 [Eureka-EvictionTimer] INFO  [c.netflix.eureka.registry.AbstractInstanceRegistry] AbstractInstanceRegistry.java:1250 - Running the evict task with compensationTime 0ms
2020-03-30 22:23:19,897 [Eureka-EvictionTimer] INFO  [c.netflix.eureka.registry.AbstractInstanceRegistry] AbstractInstanceRegistry.java:1250 - Running the evict task with compensationTime 0ms
2020-03-30 22:23:23,898 [Eureka-EvictionTimer] INFO  [c.netflix.eureka.registry.AbstractInstanceRegistry] AbstractInstanceRegistry.java:1250 - Running the evict task with compensationTime 1ms
2020-03-30 22:23:27,898 [Eureka-EvictionTimer] INFO  [c.netflix.eureka.registry.AbstractInstanceRegistry] AbstractInstanceRegistry.java:1250 - Running the evict task with compensationTime 0ms
2020-03-30 22:23:31,898 [Eureka-EvictionTimer] INFO  [c.netflix.eureka.registry.AbstractInstanceRegistry] AbstractInstanceRegistry.java:1250 - Running the evict task with compensationTime 0ms
2020-03-30 22:23:35,899 [Eureka-EvictionTimer] INFO  [c.netflix.eureka.registry.AbstractInstanceRegistry] AbstractInstanceRegistry.java:1250 - Running the evict task with compensationTime 0ms
2020-03-30 22:23:39,899 [Eureka-EvictionTimer] INFO  [c.netflix.eureka.registry.AbstractInstanceRegistry] AbstractInstanceRegistry.java:1250 - Running the evict task with compensationTime 0ms
2020-03-30 22:23:43,899 [Eureka-EvictionTimer] INFO  [c.netflix.eureka.registry.AbstractInstanceRegistry] AbstractInstanceRegistry.java:1250 - Running the evict task with compensationTime 0ms
2020-03-30 22:23:47,903 [Eureka-EvictionTimer] INFO  [c.netflix.eureka.registry.AbstractInstanceRegistry] AbstractInstanceRegistry.java:1250 - Running the evict task with compensationTime 4ms
2020-03-30 22:23:51,904 [Eureka-EvictionTimer] INFO  [c.netflix.eureka.registry.AbstractInstanceRegistry] AbstractInstanceRegistry.java:1250 - Running the evict task with compensationTime 0ms
2020-03-30 22:23:55,926 [Eureka-EvictionTimer] INFO  [c.netflix.eureka.registry.AbstractInstanceRegistry] AbstractInstanceRegistry.java:1250 - Running the evict task with compensationTime 21ms
2020-03-30 22:23:59,926 [Eureka-EvictionTimer] INFO  [c.netflix.eureka.registry.AbstractInstanceRegistry] AbstractInstanceRegistry.java:1250 - Running the evict task with compensationTime 0ms
2020-03-30 22:24:03,930 [Eureka-EvictionTimer] INFO  [c.netflix.eureka.registry.AbstractInstanceRegistry] AbstractInstanceRegistry.java:1250 - Running the evict task with compensationTime 4ms
2020-03-30 22:24:07,943 [Eureka-EvictionTimer] INFO  [c.netflix.eureka.registry.AbstractInstanceRegistry] AbstractInstanceRegistry.java:1250 - Running the evict task with compensationTime 12ms
2020-03-30 22:24:11,943 [Eureka-EvictionTimer] INFO  [c.netflix.eureka.registry.AbstractInstanceRegistry] AbstractInstanceRegistry.java:1250 - Running the evict task with compensationTime 0ms
2020-03-30 22:24:15,943 [Eureka-EvictionTimer] INFO  [c.netflix.eureka.registry.AbstractInstanceRegistry] AbstractInstanceRegistry.java:1250 - Running the evict task with compensationTime 0ms
2020-03-30 22:24:19,961 [Eureka-EvictionTimer] INFO  [c.netflix.eureka.registry.AbstractInstanceRegistry] AbstractInstanceRegistry.java:1250 - Running the evict task with compensationTime 18ms
2020-03-30 22:24:23,976 [Eureka-EvictionTimer] INFO  [c.netflix.eureka.registry.AbstractInstanceRegistry] AbstractInstanceRegistry.java:1250 - Running the evict task with compensationTime 14ms
2020-03-30 22:24:27,992 [Eureka-EvictionTimer] INFO  [c.netflix.eureka.registry.AbstractInstanceRegistry] AbstractInstanceRegistry.java:1250 - Running the evict task with compensationTime 15ms
2020-03-30 22:24:31,993 [Eureka-EvictionTimer] INFO  [c.netflix.eureka.registry.AbstractInstanceRegistry] AbstractInstanceRegistry.java:1250 - Running the evict task with compensationTime 1ms
2020-03-30 22:24:36,194 [Eureka-EvictionTimer] INFO  [c.netflix.eureka.registry.AbstractInstanceRegistry] AbstractInstanceRegistry.java:1250 - Running the evict task with compensationTime 201ms
2020-03-30 22:24:40,194 [Eureka-EvictionTimer] INFO  [c.netflix.eureka.registry.AbstractInstanceRegistry] AbstractInstanceRegistry.java:1250 - Running the evict task with compensationTime 0ms
2020-03-30 22:24:44,195 [Eureka-EvictionTimer] INFO  [c.netflix.eureka.registry.AbstractInstanceRegistry] AbstractInstanceRegistry.java:1250 - Running the evict task with compensationTime 0ms
2020-03-30 22:24:48,195 [Eureka-EvictionTimer] INFO  [c.netflix.eureka.registry.AbstractInstanceRegistry] AbstractInstanceRegistry.java:1250 - Running the evict task with compensationTime 0ms
2020-03-30 22:24:52,195 [Eureka-EvictionTimer] INFO  [c.netflix.eureka.registry.AbstractInstanceRegistry] AbstractInstanceRegistry.java:1250 - Running the evict task with compensationTime 0ms
2020-03-30 22:24:56,195 [Eureka-EvictionTimer] INFO  [c.netflix.eureka.registry.AbstractInstanceRegistry] AbstractInstanceRegistry.java:1250 - Running the evict task with compensationTime 0ms
2020-03-30 22:25:00,196 [Eureka-EvictionTimer] INFO  [c.netflix.eureka.registry.AbstractInstanceRegistry] AbstractInstanceRegistry.java:1250 - Running the evict task with compensationTime 0ms
2020-03-30 22:25:04,196 [Eureka-EvictionTimer] INFO  [c.netflix.eureka.registry.AbstractInstanceRegistry] AbstractInstanceRegistry.java:1250 - Running the evict task with compensationTime 0ms
2020-03-30 22:25:08,196 [Eureka-EvictionTimer] INFO  [c.netflix.eureka.registry.AbstractInstanceRegistry] AbstractInstanceRegistry.java:1250 - Running the evict task with compensationTime 0ms
2020-03-30 22:25:12,196 [Eureka-EvictionTimer] INFO  [c.netflix.eureka.registry.AbstractInstanceRegistry] AbstractInstanceRegistry.java:1250 - Running the evict task with compensationTime 0ms
2020-03-30 22:25:16,196 [Eureka-EvictionTimer] INFO  [c.netflix.eureka.registry.AbstractInstanceRegistry] AbstractInstanceRegistry.java:1250 - Running the evict task with compensationTime 0ms
2020-03-30 22:25:20,197 [Eureka-EvictionTimer] INFO  [c.netflix.eureka.registry.AbstractInstanceRegistry] AbstractInstanceRegistry.java:1250 - Running the evict task with compensationTime 0ms
2020-03-30 22:25:24,197 [Eureka-EvictionTimer] INFO  [c.netflix.eureka.registry.AbstractInstanceRegistry] AbstractInstanceRegistry.java:1250 - Running the evict task with compensationTime 0ms
2020-03-30 22:25:28,197 [Eureka-EvictionTimer] INFO  [c.netflix.eureka.registry.AbstractInstanceRegistry] AbstractInstanceRegistry.java:1250 - Running the evict task with compensationTime 0ms
2020-03-30 22:25:32,197 [Eureka-EvictionTimer] INFO  [c.netflix.eureka.registry.AbstractInstanceRegistry] AbstractInstanceRegistry.java:1250 - Running the evict task with compensationTime 0ms
2020-03-30 22:25:36,198 [Eureka-EvictionTimer] INFO  [c.netflix.eureka.registry.AbstractInstanceRegistry] AbstractInstanceRegistry.java:1250 - Running the evict task with compensationTime 0ms
2020-03-30 22:25:40,198 [Eureka-EvictionTimer] INFO  [c.netflix.eureka.registry.AbstractInstanceRegistry] AbstractInstanceRegistry.java:1250 - Running the evict task with compensationTime 0ms
2020-03-30 22:25:44,198 [Eureka-EvictionTimer] INFO  [c.netflix.eureka.registry.AbstractInstanceRegistry] AbstractInstanceRegistry.java:1250 - Running the evict task with compensationTime 0ms
2020-03-30 22:25:48,198 [Eureka-EvictionTimer] INFO  [c.netflix.eureka.registry.AbstractInstanceRegistry] AbstractInstanceRegistry.java:1250 - Running the evict task with compensationTime 0ms
2020-03-30 22:25:52,198 [Eureka-EvictionTimer] INFO  [c.netflix.eureka.registry.AbstractInstanceRegistry] AbstractInstanceRegistry.java:1250 - Running the evict task with compensationTime 0ms
2020-03-30 22:25:56,199 [Eureka-EvictionTimer] INFO  [c.netflix.eureka.registry.AbstractInstanceRegistry] AbstractInstanceRegistry.java:1250 - Running the evict task with compensationTime 0ms
2020-03-30 22:26:00,199 [Eureka-EvictionTimer] INFO  [c.netflix.eureka.registry.AbstractInstanceRegistry] AbstractInstanceRegistry.java:1250 - Running the evict task with compensationTime 0ms
2020-03-30 22:26:04,199 [Eureka-EvictionTimer] INFO  [c.netflix.eureka.registry.AbstractInstanceRegistry] AbstractInstanceRegistry.java:1250 - Running the evict task with compensationTime 0ms
2020-03-30 22:26:08,199 [Eureka-EvictionTimer] INFO  [c.netflix.eureka.registry.AbstractInstanceRegistry] AbstractInstanceRegistry.java:1250 - Running the evict task with compensationTime 0ms
2020-03-30 22:26:12,200 [Eureka-EvictionTimer] INFO  [c.netflix.eureka.registry.AbstractInstanceRegistry] AbstractInstanceRegistry.java:1250 - Running the evict task with compensationTime 0ms
2020-03-30 22:26:16,200 [Eureka-EvictionTimer] INFO  [c.netflix.eureka.registry.AbstractInstanceRegistry] AbstractInstanceRegistry.java:1250 - Running the evict task with compensationTime 0ms
2020-03-30 22:26:20,200 [Eureka-EvictionTimer] INFO  [c.netflix.eureka.registry.AbstractInstanceRegistry] AbstractInstanceRegistry.java:1250 - Running the evict task with compensationTime 0ms
2020-03-30 22:26:24,200 [Eureka-EvictionTimer] INFO  [c.netflix.eureka.registry.AbstractInstanceRegistry] AbstractInstanceRegistry.java:1250 - Running the evict task with compensationTime 0ms
2020-03-30 22:26:28,201 [Eureka-EvictionTimer] INFO  [c.netflix.eureka.registry.AbstractInstanceRegistry] AbstractInstanceRegistry.java:1250 - Running the evict task with compensationTime 0ms
2020-03-30 22:26:32,201 [Eureka-EvictionTimer] INFO  [c.netflix.eureka.registry.AbstractInstanceRegistry] AbstractInstanceRegistry.java:1250 - Running the evict task with compensationTime 0ms
2020-03-30 22:26:36,201 [Eureka-EvictionTimer] INFO  [c.netflix.eureka.registry.AbstractInstanceRegistry] AbstractInstanceRegistry.java:1250 - Running the evict task with compensationTime 0ms
2020-03-30 22:26:40,201 [Eureka-EvictionTimer] INFO  [c.netflix.eureka.registry.AbstractInstanceRegistry] AbstractInstanceRegistry.java:1250 - Running the evict task with compensationTime 0ms
2020-03-30 22:26:44,201 [Eureka-EvictionTimer] INFO  [c.netflix.eureka.registry.AbstractInstanceRegistry] AbstractInstanceRegistry.java:1250 - Running the evict task with compensationTime 0ms
2020-03-30 22:26:47,591 [AsyncResolver-bootstrap-executor-0] INFO  [c.n.d.shared.resolver.aws.ConfigClusterResolver] ConfigClusterResolver.java:43 - Resolving eureka endpoints via configuration
2020-03-30 22:26:48,202 [Eureka-EvictionTimer] INFO  [c.netflix.eureka.registry.AbstractInstanceRegistry] AbstractInstanceRegistry.java:1250 - Running the evict task with compensationTime 0ms
2020-03-30 22:26:52,221 [Eureka-EvictionTimer] INFO  [c.netflix.eureka.registry.AbstractInstanceRegistry] AbstractInstanceRegistry.java:1250 - Running the evict task with compensationTime 19ms
2020-03-30 22:26:56,221 [Eureka-EvictionTimer] INFO  [c.netflix.eureka.registry.AbstractInstanceRegistry] AbstractInstanceRegistry.java:1250 - Running the evict task with compensationTime 0ms
2020-03-30 22:27:00,221 [Eureka-EvictionTimer] INFO  [c.netflix.eureka.registry.AbstractInstanceRegistry] AbstractInstanceRegistry.java:1250 - Running the evict task with compensationTime 0ms
2020-03-30 22:27:04,222 [Eureka-EvictionTimer] INFO  [c.netflix.eureka.registry.AbstractInstanceRegistry] AbstractInstanceRegistry.java:1250 - Running the evict task with compensationTime 0ms
2020-03-30 22:27:08,222 [Eureka-EvictionTimer] INFO  [c.netflix.eureka.registry.AbstractInstanceRegistry] AbstractInstanceRegistry.java:1250 - Running the evict task with compensationTime 0ms
2020-03-30 22:27:12,222 [Eureka-EvictionTimer] INFO  [c.netflix.eureka.registry.AbstractInstanceRegistry] AbstractInstanceRegistry.java:1250 - Running the evict task with compensationTime 0ms
2020-03-30 22:27:16,222 [Eureka-EvictionTimer] INFO  [c.netflix.eureka.registry.AbstractInstanceRegistry] AbstractInstanceRegistry.java:1250 - Running the evict task with compensationTime 0ms
2020-03-30 22:27:20,223 [Eureka-EvictionTimer] INFO  [c.netflix.eureka.registry.AbstractInstanceRegistry] AbstractInstanceRegistry.java:1250 - Running the evict task with compensationTime 0ms
2020-03-30 22:27:24,223 [Eureka-EvictionTimer] INFO  [c.netflix.eureka.registry.AbstractInstanceRegistry] AbstractInstanceRegistry.java:1250 - Running the evict task with compensationTime 0ms
2020-03-30 22:27:28,223 [Eureka-EvictionTimer] INFO  [c.netflix.eureka.registry.AbstractInstanceRegistry] AbstractInstanceRegistry.java:1250 - Running the evict task with compensationTime 0ms
2020-03-30 22:27:32,223 [Eureka-EvictionTimer] INFO  [c.netflix.eureka.registry.AbstractInstanceRegistry] AbstractInstanceRegistry.java:1250 - Running the evict task with compensationTime 0ms
2020-03-30 22:27:36,223 [Eureka-EvictionTimer] INFO  [c.netflix.eureka.registry.AbstractInstanceRegistry] AbstractInstanceRegistry.java:1250 - Running the evict task with compensationTime 0ms
2020-03-30 22:27:40,224 [Eureka-EvictionTimer] INFO  [c.netflix.eureka.registry.AbstractInstanceRegistry] AbstractInstanceRegistry.java:1250 - Running the evict task with compensationTime 0ms
2020-03-30 22:27:44,224 [Eureka-EvictionTimer] INFO  [c.netflix.eureka.registry.AbstractInstanceRegistry] AbstractInstanceRegistry.java:1250 - Running the evict task with compensationTime 0ms
2020-03-30 22:27:48,224 [Eureka-EvictionTimer] INFO  [c.netflix.eureka.registry.AbstractInstanceRegistry] AbstractInstanceRegistry.java:1250 - Running the evict task with compensationTime 0ms
2020-03-30 22:27:52,225 [Eureka-EvictionTimer] INFO  [c.netflix.eureka.registry.AbstractInstanceRegistry] AbstractInstanceRegistry.java:1250 - Running the evict task with compensationTime 1ms
2020-03-30 22:27:56,226 [Eureka-EvictionTimer] INFO  [c.netflix.eureka.registry.AbstractInstanceRegistry] AbstractInstanceRegistry.java:1250 - Running the evict task with compensationTime 0ms
2020-03-30 22:28:00,226 [Eureka-EvictionTimer] INFO  [c.netflix.eureka.registry.AbstractInstanceRegistry] AbstractInstanceRegistry.java:1250 - Running the evict task with compensationTime 0ms
2020-03-30 22:28:04,226 [Eureka-EvictionTimer] INFO  [c.netflix.eureka.registry.AbstractInstanceRegistry] AbstractInstanceRegistry.java:1250 - Running the evict task with compensationTime 0ms
2020-03-30 22:28:08,226 [Eureka-EvictionTimer] INFO  [c.netflix.eureka.registry.AbstractInstanceRegistry] AbstractInstanceRegistry.java:1250 - Running the evict task with compensationTime 0ms
2020-03-30 22:28:12,226 [Eureka-EvictionTimer] INFO  [c.netflix.eureka.registry.AbstractInstanceRegistry] AbstractInstanceRegistry.java:1250 - Running the evict task with compensationTime 0ms
2020-03-30 22:28:16,227 [Eureka-EvictionTimer] INFO  [c.netflix.eureka.registry.AbstractInstanceRegistry] AbstractInstanceRegistry.java:1250 - Running the evict task with compensationTime 0ms
2020-03-30 22:28:20,227 [Eureka-EvictionTimer] INFO  [c.netflix.eureka.registry.AbstractInstanceRegistry] AbstractInstanceRegistry.java:1250 - Running the evict task with compensationTime 0ms
2020-03-30 22:28:24,255 [Eureka-EvictionTimer] INFO  [c.netflix.eureka.registry.AbstractInstanceRegistry] AbstractInstanceRegistry.java:1250 - Running the evict task with compensationTime 28ms
2020-03-30 22:28:28,430 [Eureka-EvictionTimer] INFO  [c.netflix.eureka.registry.AbstractInstanceRegistry] AbstractInstanceRegistry.java:1250 - Running the evict task with compensationTime 175ms
2020-03-30 22:28:32,431 [Eureka-EvictionTimer] INFO  [c.netflix.eureka.registry.AbstractInstanceRegistry] AbstractInstanceRegistry.java:1250 - Running the evict task with compensationTime 0ms
2020-03-30 22:28:36,431 [Eureka-EvictionTimer] INFO  [c.netflix.eureka.registry.AbstractInstanceRegistry] AbstractInstanceRegistry.java:1250 - Running the evict task with compensationTime 0ms
2020-03-30 22:28:40,439 [Eureka-EvictionTimer] INFO  [c.netflix.eureka.registry.AbstractInstanceRegistry] AbstractInstanceRegistry.java:1250 - Running the evict task with compensationTime 8ms
2020-03-30 22:28:44,439 [Eureka-EvictionTimer] INFO  [c.netflix.eureka.registry.AbstractInstanceRegistry] AbstractInstanceRegistry.java:1250 - Running the evict task with compensationTime 0ms
